2014-11-28 00:50:17 Error: [MissingControllerException] Controller class Register.ctpController could not be found.
Exception Attributes: array (
  'class' => 'Register.ctpController',
  'plugin' => NULL,
)
Request URL: /scpracticas/register.ctp
Stack Trace:
#0 C:\wamp\www\scpracticas\app\webroot\index.php(108): Dispatcher->dispatch(Object(CakeRequest), Object(CakeResponse))
#1 {main}
2014-11-28 00:50:24 Error: [MissingControllerException] Controller class RegisterController could not be found.
Exception Attributes: array (
  'class' => 'RegisterController',
  'plugin' => NULL,
)
Request URL: /scpracticas/register
Stack Trace:
#0 C:\wamp\www\scpracticas\app\webroot\index.php(108): Dispatcher->dispatch(Object(CakeRequest), Object(CakeResponse))
#1 {main}
2014-11-28 00:50:55 Error: [MissingControllerException] Controller class UserController could not be found.
Exception Attributes: array (
  'class' => 'UserController',
  'plugin' => NULL,
)
Request URL: /scpracticas/user
Stack Trace:
#0 C:\wamp\www\scpracticas\app\webroot\index.php(108): Dispatcher->dispatch(Object(CakeRequest), Object(CakeResponse))
#1 {main}
2014-11-28 00:52:42 Error: Fatal Error (1): Call to a member function allow() on a non-object in [C:\wamp\www\scpracticas\app\Controller\UserController.php, line 11]
2014-11-28 00:52:42 Error: [FatalErrorException] Call to a member function allow() on a non-object
Request URL: /scpracticas/user
Stack Trace:
#0 C:\wamp\www\scpracticas\lib\Cake\Error\ErrorHandler.php(203): ErrorHandler::handleFatalError(1, 'Call to a membe...', 'C:\\wamp\\www\\scp...', 11)
#1 [internal function]: ErrorHandler::handleError(1, 'Call to a membe...', 'C:\\wamp\\www\\scp...', 11, Array)
#2 C:\wamp\www\scpracticas\lib\Cake\Core\App.php(931): call_user_func('ErrorHandler::h...', 1, 'Call to a membe...', 'C:\\wamp\\www\\scp...', 11, Array)
#3 C:\wamp\www\scpracticas\lib\Cake\Core\App.php(904): App::_checkFatalError()
#4 [internal function]: App::shutdown()
#5 {main}
2014-11-28 00:53:09 Error: Fatal Error (1): Call to a member function allow() on a non-object in [C:\wamp\www\scpracticas\app\Controller\UsersController.php, line 11]
2014-11-28 00:53:09 Error: [FatalErrorException] Call to a member function allow() on a non-object
Request URL: /scpracticas/users
Stack Trace:
#0 C:\wamp\www\scpracticas\lib\Cake\Error\ErrorHandler.php(203): ErrorHandler::handleFatalError(1, 'Call to a membe...', 'C:\\wamp\\www\\scp...', 11)
#1 [internal function]: ErrorHandler::handleError(1, 'Call to a membe...', 'C:\\wamp\\www\\scp...', 11, Array)
#2 C:\wamp\www\scpracticas\lib\Cake\Core\App.php(931): call_user_func('ErrorHandler::h...', 1, 'Call to a membe...', 'C:\\wamp\\www\\scp...', 11, Array)
#3 C:\wamp\www\scpracticas\lib\Cake\Core\App.php(904): App::_checkFatalError()
#4 [internal function]: App::shutdown()
#5 {main}
2014-11-28 00:53:15 Error: [MissingControllerException] Controller class UserController could not be found.
Exception Attributes: array (
  'class' => 'UserController',
  'plugin' => NULL,
)
Request URL: /scpracticas/user
Stack Trace:
#0 C:\wamp\www\scpracticas\app\webroot\index.php(108): Dispatcher->dispatch(Object(CakeRequest), Object(CakeResponse))
#1 {main}
2014-12-08 16:48:06 Error: Fatal Error (1): Call to a member function allow() on a non-object in [C:\wamp\www\scpracticas\app\Controller\UsersController.php, line 11]
2014-12-08 16:48:06 Error: [FatalErrorException] Call to a member function allow() on a non-object
Request URL: /scpracticas/users
Stack Trace:
#0 C:\wamp\www\scpracticas\lib\Cake\Error\ErrorHandler.php(203): ErrorHandler::handleFatalError(1, 'Call to a membe...', 'C:\\wamp\\www\\scp...', 11)
#1 [internal function]: ErrorHandler::handleError(1, 'Call to a membe...', 'C:\\wamp\\www\\scp...', 11, Array)
#2 C:\wamp\www\scpracticas\lib\Cake\Core\App.php(931): call_user_func('ErrorHandler::h...', 1, 'Call to a membe...', 'C:\\wamp\\www\\scp...', 11, Array)
#3 C:\wamp\www\scpracticas\lib\Cake\Core\App.php(904): App::_checkFatalError()
#4 [internal function]: App::shutdown()
#5 {main}
2014-12-08 16:49:22 Error: Fatal Error (1): Call to a member function allow() on a non-object in [C:\wamp\www\scpracticas\app\Controller\UsersController.php, line 11]
2014-12-08 16:49:22 Error: [FatalErrorException] Call to a member function allow() on a non-object
Request URL: /scpracticas/users
Stack Trace:
#0 C:\wamp\www\scpracticas\lib\Cake\Error\ErrorHandler.php(203): ErrorHandler::handleFatalError(1, 'Call to a membe...', 'C:\\wamp\\www\\scp...', 11)
#1 [internal function]: ErrorHandler::handleError(1, 'Call to a membe...', 'C:\\wamp\\www\\scp...', 11, Array)
#2 C:\wamp\www\scpracticas\lib\Cake\Core\App.php(931): call_user_func('ErrorHandler::h...', 1, 'Call to a membe...', 'C:\\wamp\\www\\scp...', 11, Array)
#3 C:\wamp\www\scpracticas\lib\Cake\Core\App.php(904): App::_checkFatalError()
#4 [internal function]: App::shutdown()
#5 {main}
2014-12-08 16:55:43 Error: Fatal Error (1): Call to a member function allow() on a non-object in [C:\wamp\www\scpracticas\app\Controller\UsersController.php, line 11]
2014-12-08 16:55:43 Error: [FatalErrorException] Call to a member function allow() on a non-object
Request URL: /scpracticas/users
Stack Trace:
#0 C:\wamp\www\scpracticas\lib\Cake\Error\ErrorHandler.php(203): ErrorHandler::handleFatalError(1, 'Call to a membe...', 'C:\\wamp\\www\\scp...', 11)
#1 [internal function]: ErrorHandler::handleError(1, 'Call to a membe...', 'C:\\wamp\\www\\scp...', 11, Array)
#2 C:\wamp\www\scpracticas\lib\Cake\Core\App.php(931): call_user_func('ErrorHandler::h...', 1, 'Call to a membe...', 'C:\\wamp\\www\\scp...', 11, Array)
#3 C:\wamp\www\scpracticas\lib\Cake\Core\App.php(904): App::_checkFatalError()
#4 [internal function]: App::shutdown()
#5 {main}
2014-12-08 16:59:53 Error: Fatal Error (1): Call to a member function allow() on a non-object in [C:\wamp\www\scpracticas\app\Controller\UsersController.php, line 12]
2014-12-08 16:59:53 Error: [FatalErrorException] Call to a member function allow() on a non-object
Request URL: /scpracticas/users
Stack Trace:
#0 C:\wamp\www\scpracticas\lib\Cake\Error\ErrorHandler.php(203): ErrorHandler::handleFatalError(1, 'Call to a membe...', 'C:\\wamp\\www\\scp...', 12)
#1 [internal function]: ErrorHandler::handleError(1, 'Call to a membe...', 'C:\\wamp\\www\\scp...', 12, Array)
#2 C:\wamp\www\scpracticas\lib\Cake\Core\App.php(931): call_user_func('ErrorHandler::h...', 1, 'Call to a membe...', 'C:\\wamp\\www\\scp...', 12, Array)
#3 C:\wamp\www\scpracticas\lib\Cake\Core\App.php(904): App::_checkFatalError()
#4 [internal function]: App::shutdown()
#5 {main}
2014-12-12 01:30:46 Error: Fatal Error (1): Call to a member function allow() on a non-object in [C:\wamp\www\scpracticas\app\Controller\UsersController.php, line 12]
2014-12-12 01:30:46 Error: [FatalErrorException] Call to a member function allow() on a non-object
Request URL: /scpracticas/users
Stack Trace:
#0 C:\wamp\www\scpracticas\lib\Cake\Error\ErrorHandler.php(203): ErrorHandler::handleFatalError(1, 'Call to a membe...', 'C:\\wamp\\www\\scp...', 12)
#1 [internal function]: ErrorHandler::handleError(1, 'Call to a membe...', 'C:\\wamp\\www\\scp...', 12, Array)
#2 C:\wamp\www\scpracticas\lib\Cake\Core\App.php(931): call_user_func('ErrorHandler::h...', 1, 'Call to a membe...', 'C:\\wamp\\www\\scp...', 12, Array)
#3 C:\wamp\www\scpracticas\lib\Cake\Core\App.php(904): App::_checkFatalError()
#4 [internal function]: App::shutdown()
#5 {main}
2014-12-12 01:31:51 Error: [MissingConnectionException] Database connection "Mysql" is missing, or could not be created.
Exception Attributes: array (
  'class' => 'Mysql',
  'message' => 'SQLSTATE[HY000] [1045] Access denied for user \'user\'@\'localhost\' (using password: YES)',
  'enabled' => true,
)
Request URL: /scpracticas/users
Stack Trace:
#0 C:\wamp\www\scpracticas\lib\Cake\Model\Datasource\DboSource.php(260): Mysql->connect()
#1 C:\wamp\www\scpracticas\lib\Cake\Model\ConnectionManager.php(105): DboSource->__construct(Array)
#2 C:\wamp\www\scpracticas\lib\Cake\Model\Model.php(3539): ConnectionManager::getDataSource('default')
#3 C:\wamp\www\scpracticas\lib\Cake\Model\Model.php(1136): Model->setDataSource('default')
#4 C:\wamp\www\scpracticas\lib\Cake\Model\Model.php(3566): Model->setSource('users')
#5 C:\wamp\www\scpracticas\lib\Cake\Model\Model.php(2947): Model->getDataSource()
#6 C:\wamp\www\scpracticas\lib\Cake\Model\Model.php(2919): Model->_readDataSource('all', Array)
#7 C:\wamp\www\scpracticas\lib\Cake\Controller\Component\PaginatorComponent.php(196): Model->find('all', Array)
#8 C:\wamp\www\scpracticas\app\Controller\UsersController.php(56): PaginatorComponent->paginate()
#9 [internal function]: UsersController->index()
#10 C:\wamp\www\scpracticas\lib\Cake\Controller\Controller.php(490): ReflectionMethod->invokeArgs(Object(UsersController), Array)
#11 C:\wamp\www\scpracticas\lib\Cake\Routing\Dispatcher.php(191): Controller->invokeAction(Object(CakeRequest))
#12 C:\wamp\www\scpracticas\lib\Cake\Routing\Dispatcher.php(165): Dispatcher->_invoke(Object(UsersController), Object(CakeRequest))
#13 C:\wamp\www\scpracticas\app\webroot\index.php(108): Dispatcher->dispatch(Object(CakeRequest), Object(CakeResponse))
#14 {main}
2014-12-12 01:33:32 Error: [MissingConnectionException] Database connection "Mysql" is missing, or could not be created.
Exception Attributes: array (
  'class' => 'Mysql',
  'message' => 'SQLSTATE[HY000] [1044] Access denied for user \'\'@\'localhost\' to database \'scpracticas\'',
  'enabled' => true,
)
Request URL: /scpracticas/users
Stack Trace:
#0 C:\wamp\www\scpracticas\lib\Cake\Model\Datasource\DboSource.php(260): Mysql->connect()
#1 C:\wamp\www\scpracticas\lib\Cake\Model\ConnectionManager.php(105): DboSource->__construct(Array)
#2 C:\wamp\www\scpracticas\lib\Cake\Model\Model.php(3539): ConnectionManager::getDataSource('default')
#3 C:\wamp\www\scpracticas\lib\Cake\Model\Model.php(1136): Model->setDataSource('default')
#4 C:\wamp\www\scpracticas\lib\Cake\Model\Model.php(3566): Model->setSource('users')
#5 C:\wamp\www\scpracticas\lib\Cake\Model\Model.php(2947): Model->getDataSource()
#6 C:\wamp\www\scpracticas\lib\Cake\Model\Model.php(2919): Model->_readDataSource('all', Array)
#7 C:\wamp\www\scpracticas\lib\Cake\Controller\Component\PaginatorComponent.php(196): Model->find('all', Array)
#8 C:\wamp\www\scpracticas\app\Controller\UsersController.php(56): PaginatorComponent->paginate()
#9 [internal function]: UsersController->index()
#10 C:\wamp\www\scpracticas\lib\Cake\Controller\Controller.php(490): ReflectionMethod->invokeArgs(Object(UsersController), Array)
#11 C:\wamp\www\scpracticas\lib\Cake\Routing\Dispatcher.php(191): Controller->invokeAction(Object(CakeRequest))
#12 C:\wamp\www\scpracticas\lib\Cake\Routing\Dispatcher.php(165): Dispatcher->_invoke(Object(UsersController), Object(CakeRequest))
#13 C:\wamp\www\scpracticas\app\webroot\index.php(108): Dispatcher->dispatch(Object(CakeRequest), Object(CakeResponse))
#14 {main}
2014-12-12 01:33:56 Error: [MissingViewException] View file "C:\wamp\www\scpracticas\app\View\Users\index.ctp" is missing.
Exception Attributes: array (
  'file' => 'C:\\wamp\\www\\scpracticas\\app\\View\\Users\\index.ctp',
)
Request URL: /scpracticas/users
Stack Trace:
#0 C:\wamp\www\scpracticas\lib\Cake\View\View.php(468): View->_getViewFileName(NULL)
#1 C:\wamp\www\scpracticas\lib\Cake\Controller\Controller.php(954): View->render(NULL, NULL)
#2 C:\wamp\www\scpracticas\lib\Cake\Routing\Dispatcher.php(198): Controller->render()
#3 C:\wamp\www\scpracticas\lib\Cake\Routing\Dispatcher.php(165): Dispatcher->_invoke(Object(UsersController), Object(CakeRequest))
#4 C:\wamp\www\scpracticas\app\webroot\index.php(108): Dispatcher->dispatch(Object(CakeRequest), Object(CakeResponse))
#5 {main}
2014-12-12 01:42:29 Error: Fatal Error (1): Call to a member function allow() on a non-object in [C:\wamp\www\scpracticas\app\Controller\UsersController.php, line 12]
2014-12-12 01:42:29 Error: [FatalErrorException] Call to a member function allow() on a non-object
Request URL: /scpracticas/users
Stack Trace:
#0 C:\wamp\www\scpracticas\lib\Cake\Error\ErrorHandler.php(203): ErrorHandler::handleFatalError(1, 'Call to a membe...', 'C:\\wamp\\www\\scp...', 12)
#1 [internal function]: ErrorHandler::handleError(1, 'Call to a membe...', 'C:\\wamp\\www\\scp...', 12, Array)
#2 C:\wamp\www\scpracticas\lib\Cake\Core\App.php(931): call_user_func('ErrorHandler::h...', 1, 'Call to a membe...', 'C:\\wamp\\www\\scp...', 12, Array)
#3 C:\wamp\www\scpracticas\lib\Cake\Core\App.php(904): App::_checkFatalError()
#4 [internal function]: App::shutdown()
#5 {main}
2014-12-12 01:45:28 Error: Fatal Error (1): Call to a member function allow() on a non-object in [C:\wamp\www\scpracticas\app\Controller\UsersController.php, line 12]
2014-12-12 01:45:28 Error: [FatalErrorException] Call to a member function allow() on a non-object
Request URL: /scpracticas/users/register
Stack Trace:
#0 C:\wamp\www\scpracticas\lib\Cake\Error\ErrorHandler.php(203): ErrorHandler::handleFatalError(1, 'Call to a membe...', 'C:\\wamp\\www\\scp...', 12)
#1 [internal function]: ErrorHandler::handleError(1, 'Call to a membe...', 'C:\\wamp\\www\\scp...', 12, Array)
#2 C:\wamp\www\scpracticas\lib\Cake\Core\App.php(931): call_user_func('ErrorHandler::h...', 1, 'Call to a membe...', 'C:\\wamp\\www\\scp...', 12, Array)
#3 C:\wamp\www\scpracticas\lib\Cake\Core\App.php(904): App::_checkFatalError()
#4 [internal function]: App::shutdown()
#5 {main}
2014-12-12 01:49:38 Error: Fatal Error (1): Class 'Security' not found in [C:\wamp\www\scpracticas\app\Controller\UsersController.php, line 8]
2014-12-12 01:49:38 Error: [FatalErrorException] Class 'Security' not found
Request URL: /scpracticas/users/register
Stack Trace:
#0 C:\wamp\www\scpracticas\lib\Cake\Error\ErrorHandler.php(203): ErrorHandler::handleFatalError(1, 'Class 'Security...', 'C:\\wamp\\www\\scp...', 8)
#1 [internal function]: ErrorHandler::handleError(1, 'Class 'Security...', 'C:\\wamp\\www\\scp...', 8, Array)
#2 C:\wamp\www\scpracticas\lib\Cake\Core\App.php(931): call_user_func('ErrorHandler::h...', 1, 'Class 'Security...', 'C:\\wamp\\www\\scp...', 8, Array)
#3 C:\wamp\www\scpracticas\lib\Cake\Core\App.php(904): App::_checkFatalError()
#4 [internal function]: App::shutdown()
#5 {main}
2014-12-12 09:52:02 Error: [MissingControllerException] Controller class PhpmyadminController could not be found.
Exception Attributes: array (
  'class' => 'PhpmyadminController',
  'plugin' => NULL,
)
Request URL: /phpmyadmin
Stack Trace:
#0 /var/www/apache/app/webroot/index.php(108): Dispatcher->dispatch(Object(CakeRequest), Object(CakeResponse))
#1 {main}
2014-12-12 09:54:17 Error: [MissingControllerException] Controller class PhpmyadminController could not be found.
Exception Attributes: array (
  'class' => 'PhpmyadminController',
  'plugin' => NULL,
)
Request URL: /phpmyadmin
Stack Trace:
#0 /var/www/apache/app/webroot/index.php(108): Dispatcher->dispatch(Object(CakeRequest), Object(CakeResponse))
#1 {main}
2014-12-12 09:57:46 Error: [MissingViewException] View file "/var/www/apache/app/View/Users/index.ctp" is missing.
Exception Attributes: array (
  'file' => '/var/www/apache/app/View/Users/index.ctp',
)
Request URL: /users
Stack Trace:
#0 /var/www/apache/lib/Cake/View/View.php(470): View->_getViewFileName(NULL)
#1 /var/www/apache/lib/Cake/Controller/Controller.php(959): View->render(NULL, NULL)
#2 /var/www/apache/lib/Cake/Routing/Dispatcher.php(200): Controller->render()
#3 /var/www/apache/lib/Cake/Routing/Dispatcher.php(167): Dispatcher->_invoke(Object(UsersController), Object(CakeRequest))
#4 /var/www/apache/app/webroot/index.php(108): Dispatcher->dispatch(Object(CakeRequest), Object(CakeResponse))
#5 {main}
2014-12-12 09:58:00 Error: Fatal Error (1): Class 'Security' not found in [/var/www/apache/app/Controller/UsersController.php, line 8]
2014-12-12 09:58:00 Error: [FatalErrorException] Class 'Security' not found
Request URL: /users/register
Stack Trace:
#0 /var/www/apache/lib/Cake/Error/ErrorHandler.php(203): ErrorHandler::handleFatalError(1, 'Class 'Security...', '/var/www/apache...', 8)
#1 [internal function]: ErrorHandler::handleError(1, 'Class 'Security...', '/var/www/apache...', 8, Array)
#2 /var/www/apache/lib/Cake/Core/App.php(931): call_user_func('ErrorHandler::h...', 1, 'Class 'Security...', '/var/www/apache...', 8, Array)
#3 /var/www/apache/lib/Cake/Core/App.php(904): App::_checkFatalError()
#4 [internal function]: App::shutdown()
#5 {main}
2014-12-12 09:59:40 Error: Fatal Error (1): Class 'Security' not found in [/var/www/apache/app/Controller/UsersController.php, line 8]
2014-12-12 09:59:40 Error: [FatalErrorException] Class 'Security' not found
Request URL: /users/register
Stack Trace:
#0 /var/www/apache/lib/Cake/Error/ErrorHandler.php(203): ErrorHandler::handleFatalError(1, 'Class 'Security...', '/var/www/apache...', 8)
#1 [internal function]: ErrorHandler::handleError(1, 'Class 'Security...', '/var/www/apache...', 8, Array)
#2 /var/www/apache/lib/Cake/Core/App.php(931): call_user_func('ErrorHandler::h...', 1, 'Class 'Security...', '/var/www/apache...', 8, Array)
#3 /var/www/apache/lib/Cake/Core/App.php(904): App::_checkFatalError()
#4 [internal function]: App::shutdown()
#5 {main}
2014-12-12 09:59:57 Error: Fatal Error (1): Class 'Security' not found in [/var/www/apache/app/Controller/UsersController.php, line 8]
2014-12-12 09:59:57 Error: [FatalErrorException] Class 'Security' not found
Request URL: /users/register
Stack Trace:
#0 /var/www/apache/lib/Cake/Error/ErrorHandler.php(203): ErrorHandler::handleFatalError(1, 'Class 'Security...', '/var/www/apache...', 8)
#1 [internal function]: ErrorHandler::handleError(1, 'Class 'Security...', '/var/www/apache...', 8, Array)
#2 /var/www/apache/lib/Cake/Core/App.php(931): call_user_func('ErrorHandler::h...', 1, 'Class 'Security...', '/var/www/apache...', 8, Array)
#3 /var/www/apache/lib/Cake/Core/App.php(904): App::_checkFatalError()
#4 [internal function]: App::shutdown()
#5 {main}
2014-12-12 10:01:17 Error: Fatal Error (1): Class 'AppController' not found in [/var/www/apache/app/Controller/UsersController.php, line 4]
2014-12-12 10:01:17 Error: [FatalErrorException] Class 'AppController' not found
Request URL: /users/register
Stack Trace:
#0 /var/www/apache/lib/Cake/Error/ErrorHandler.php(203): ErrorHandler::handleFatalError(1, 'Class 'AppContr...', '/var/www/apache...', 4)
#1 [internal function]: ErrorHandler::handleError(1, 'Class 'AppContr...', '/var/www/apache...', 4, Array)
#2 /var/www/apache/lib/Cake/Core/App.php(931): call_user_func('ErrorHandler::h...', 1, 'Class 'AppContr...', '/var/www/apache...', 4, Array)
#3 /var/www/apache/lib/Cake/Core/App.php(904): App::_checkFatalError()
#4 [internal function]: App::shutdown()
#5 {main}
2014-12-12 10:01:50 Error: Fatal Error (1): Class 'Security' not found in [/var/www/apache/app/Controller/UsersController.php, line 8]
2014-12-12 10:01:50 Error: [FatalErrorException] Class 'Security' not found
Request URL: /users/register
Stack Trace:
#0 /var/www/apache/lib/Cake/Error/ErrorHandler.php(203): ErrorHandler::handleFatalError(1, 'Class 'Security...', '/var/www/apache...', 8)
#1 [internal function]: ErrorHandler::handleError(1, 'Class 'Security...', '/var/www/apache...', 8, Array)
#2 /var/www/apache/lib/Cake/Core/App.php(931): call_user_func('ErrorHandler::h...', 1, 'Class 'Security...', '/var/www/apache...', 8, Array)
#3 /var/www/apache/lib/Cake/Core/App.php(904): App::_checkFatalError()
#4 [internal function]: App::shutdown()
#5 {main}
2014-12-12 10:05:00 Error: Fatal Error (1): Class 'CakeEmail' not found in [/var/www/apache/app/Controller/UsersController.php, line 31]
2014-12-12 10:05:00 Error: [FatalErrorException] Class 'CakeEmail' not found
Request URL: /users/register
Stack Trace:
#0 /var/www/apache/lib/Cake/Error/ErrorHandler.php(203): ErrorHandler::handleFatalError(1, 'Class 'CakeEmai...', '/var/www/apache...', 31)
#1 [internal function]: ErrorHandler::handleError(1, 'Class 'CakeEmai...', '/var/www/apache...', 31, Array)
#2 /var/www/apache/lib/Cake/Core/App.php(931): call_user_func('ErrorHandler::h...', 1, 'Class 'CakeEmai...', '/var/www/apache...', 31, Array)
#3 /var/www/apache/lib/Cake/Core/App.php(904): App::_checkFatalError()
#4 [internal function]: App::shutdown()
#5 {main}
2014-12-12 10:05:33 Error: [PDOException] SQLSTATE[23000]: Integrity constraint violation: 1062 Duplicate entry '0' for key 'PRIMARY'
Request URL: /users/register
Stack Trace:
#0 /var/www/apache/lib/Cake/Model/Datasource/DboSource.php(458): PDOStatement->execute(Array)
#1 /var/www/apache/lib/Cake/Model/Datasource/DboSource.php(424): DboSource->_execute('INSERT INTO `pl...', Array)
#2 /var/www/apache/lib/Cake/Model/Datasource/DboSource.php(1012): DboSource->execute('INSERT INTO `pl...')
#3 /var/www/apache/lib/Cake/Model/Model.php(1856): DboSource->create(Object(User), Array, Array)
#4 /var/www/apache/app/Controller/UsersController.php(29): Model->save(Array)
#5 [internal function]: UsersController->register()
#6 /var/www/apache/lib/Cake/Controller/Controller.php(490): ReflectionMethod->invokeArgs(Object(UsersController), Array)
#7 /var/www/apache/lib/Cake/Routing/Dispatcher.php(193): Controller->invokeAction(Object(CakeRequest))
#8 /var/www/apache/lib/Cake/Routing/Dispatcher.php(167): Dispatcher->_invoke(Object(UsersController), Object(CakeRequest))
#9 /var/www/apache/app/webroot/index.php(108): Dispatcher->dispatch(Object(CakeRequest), Object(CakeResponse))
#10 {main}
2014-12-12 10:10:56 Error: [ConfigureException] /var/www/apache/app/Config/email.php not found.
Request URL: /users/register
Stack Trace:
#0 /var/www/apache/lib/Cake/Network/Email/CakeEmail.php(1136): CakeEmail->_applyConfig('default')
#1 /var/www/apache/lib/Cake/Network/Email/CakeEmail.php(355): CakeEmail->config('default')
#2 /var/www/apache/app/Controller/UsersController.php(31): CakeEmail->__construct('default')
#3 [internal function]: UsersController->register()
#4 /var/www/apache/lib/Cake/Controller/Controller.php(490): ReflectionMethod->invokeArgs(Object(UsersController), Array)
#5 /var/www/apache/lib/Cake/Routing/Dispatcher.php(193): Controller->invokeAction(Object(CakeRequest))
#6 /var/www/apache/lib/Cake/Routing/Dispatcher.php(167): Dispatcher->_invoke(Object(UsersController), Object(CakeRequest))
#7 /var/www/apache/app/webroot/index.php(108): Dispatcher->dispatch(Object(CakeRequest), Object(CakeResponse))
#8 {main}
2014-12-12 10:14:06 Error: Fatal Error (4): syntax error, unexpected 'public' (T_PUBLIC) in [/var/www/apache/app/Model/User.php, line 47]
2014-12-12 10:14:06 Error: [FatalErrorException] syntax error, unexpected 'public' (T_PUBLIC)
Request URL: /users/register
Stack Trace:
#0 /var/www/apache/lib/Cake/Error/ErrorHandler.php(203): ErrorHandler::handleFatalError(4, 'syntax error, u...', '/var/www/apache...', 47)
#1 [internal function]: ErrorHandler::handleError(4, 'syntax error, u...', '/var/www/apache...', 47, Array)
#2 /var/www/apache/lib/Cake/Core/App.php(931): call_user_func('ErrorHandler::h...', 4, 'syntax error, u...', '/var/www/apache...', 47, Array)
#3 /var/www/apache/lib/Cake/Core/App.php(904): App::_checkFatalError()
#4 [internal function]: App::shutdown()
#5 {main}
2014-12-12 10:14:17 Error: Fatal Error (4): syntax error, unexpected '?>', expecting function (T_FUNCTION) in [/var/www/apache/app/Model/User.php, line 50]
2014-12-12 10:14:17 Error: [FatalErrorException] syntax error, unexpected '?>', expecting function (T_FUNCTION)
Request URL: /users/register
Stack Trace:
#0 /var/www/apache/lib/Cake/Error/ErrorHandler.php(203): ErrorHandler::handleFatalError(4, 'syntax error, u...', '/var/www/apache...', 50)
#1 [internal function]: ErrorHandler::handleError(4, 'syntax error, u...', '/var/www/apache...', 50, Array)
#2 /var/www/apache/lib/Cake/Core/App.php(931): call_user_func('ErrorHandler::h...', 4, 'syntax error, u...', '/var/www/apache...', 50, Array)
#3 /var/www/apache/lib/Cake/Core/App.php(904): App::_checkFatalError()
#4 [internal function]: App::shutdown()
#5 {main}
2014-12-12 10:15:01 Error: [ConfigureException] /var/www/apache/app/Config/email.php not found.
Request URL: /users/register
Stack Trace:
#0 /var/www/apache/lib/Cake/Network/Email/CakeEmail.php(1136): CakeEmail->_applyConfig('default')
#1 /var/www/apache/lib/Cake/Network/Email/CakeEmail.php(355): CakeEmail->config('default')
#2 /var/www/apache/app/Controller/UsersController.php(31): CakeEmail->__construct('default')
#3 [internal function]: UsersController->register()
#4 /var/www/apache/lib/Cake/Controller/Controller.php(490): ReflectionMethod->invokeArgs(Object(UsersController), Array)
#5 /var/www/apache/lib/Cake/Routing/Dispatcher.php(193): Controller->invokeAction(Object(CakeRequest))
#6 /var/www/apache/lib/Cake/Routing/Dispatcher.php(167): Dispatcher->_invoke(Object(UsersController), Object(CakeRequest))
#7 /var/www/apache/app/webroot/index.php(108): Dispatcher->dispatch(Object(CakeRequest), Object(CakeResponse))
#8 {main}
2014-12-12 10:15:28 Error: [MissingActionException] Action RequestsController::browse() could not be found.
Exception Attributes: array (
  'controller' => 'RequestsController',
  'action' => 'browse',
)
Request URL: /requests/browse
Stack Trace:
#0 /var/www/apache/lib/Cake/Routing/Dispatcher.php(193): Controller->invokeAction(Object(CakeRequest))
#1 /var/www/apache/lib/Cake/Routing/Dispatcher.php(167): Dispatcher->_invoke(Object(RequestsController), Object(CakeRequest))
#2 /var/www/apache/app/webroot/index.php(108): Dispatcher->dispatch(Object(CakeRequest), Object(CakeResponse))
#3 {main}
2014-12-12 10:16:30 Error: [MissingViewException] View file "/var/www/apache/app/View/Users/index.ctp" is missing.
Exception Attributes: array (
  'file' => '/var/www/apache/app/View/Users/index.ctp',
)
Request URL: /users
Stack Trace:
#0 /var/www/apache/lib/Cake/View/View.php(470): View->_getViewFileName(NULL)
#1 /var/www/apache/lib/Cake/Controller/Controller.php(959): View->render(NULL, NULL)
#2 /var/www/apache/lib/Cake/Routing/Dispatcher.php(200): Controller->render()
#3 /var/www/apache/lib/Cake/Routing/Dispatcher.php(167): Dispatcher->_invoke(Object(UsersController), Object(CakeRequest))
#4 /var/www/apache/app/webroot/index.php(108): Dispatcher->dispatch(Object(CakeRequest), Object(CakeResponse))
#5 {main}
2014-12-12 10:19:09 Error: Fatal Error (1): Call to undefined method AuthComponent::profile() in [/var/www/apache/app/Controller/RequestsController.php, line 7]
2014-12-12 10:19:09 Error: [FatalErrorException] Call to undefined method AuthComponent::profile()
Request URL: /requests/add
Stack Trace:
#0 /var/www/apache/lib/Cake/Error/ErrorHandler.php(203): ErrorHandler::handleFatalError(1, 'Call to undefin...', '/var/www/apache...', 7)
#1 [internal function]: ErrorHandler::handleError(1, 'Call to undefin...', '/var/www/apache...', 7, Array)
#2 /var/www/apache/lib/Cake/Core/App.php(931): call_user_func('ErrorHandler::h...', 1, 'Call to undefin...', '/var/www/apache...', 7, Array)
#3 /var/www/apache/lib/Cake/Core/App.php(904): App::_checkFatalError()
#4 [internal function]: App::shutdown()
#5 {main}
2014-12-12 10:20:50 Error: [MissingViewException] View file "/var/www/apache/app/View/Requests/add.ctp" is missing.
Exception Attributes: array (
  'file' => '/var/www/apache/app/View/Requests/add.ctp',
)
Request URL: /requests/add
Stack Trace:
#0 /var/www/apache/lib/Cake/View/View.php(470): View->_getViewFileName(NULL)
#1 /var/www/apache/lib/Cake/Controller/Controller.php(959): View->render(NULL, NULL)
#2 /var/www/apache/lib/Cake/Routing/Dispatcher.php(200): Controller->render()
#3 /var/www/apache/lib/Cake/Routing/Dispatcher.php(167): Dispatcher->_invoke(Object(RequestsController), Object(CakeRequest))
#4 /var/www/apache/app/webroot/index.php(108): Dispatcher->dispatch(Object(CakeRequest), Object(CakeResponse))
#5 {main}
2014-12-12 10:21:50 Error: [PDOException] SQLSTATE[23000]: Integrity constraint violation: 1452 Cannot add or update a child row: a foreign key constraint fails (`playermatch`.`requests`, CONSTRAINT `fk_profile` FOREIGN KEY (`profile_id`) REFERENCES `profiles` (`id`))
Request URL: /requests/add
Stack Trace:
#0 /var/www/apache/lib/Cake/Model/Datasource/DboSource.php(458): PDOStatement->execute(Array)
#1 /var/www/apache/lib/Cake/Model/Datasource/DboSource.php(424): DboSource->_execute('INSERT INTO `pl...', Array)
#2 /var/www/apache/lib/Cake/Model/Datasource/DboSource.php(1012): DboSource->execute('INSERT INTO `pl...')
#3 /var/www/apache/lib/Cake/Model/Model.php(1856): DboSource->create(Object(Request), Array, Array)
#4 /var/www/apache/app/Controller/RequestsController.php(10): Model->save(Array)
#5 [internal function]: RequestsController->add()
#6 /var/www/apache/lib/Cake/Controller/Controller.php(490): ReflectionMethod->invokeArgs(Object(RequestsController), Array)
#7 /var/www/apache/lib/Cake/Routing/Dispatcher.php(193): Controller->invokeAction(Object(CakeRequest))
#8 /var/www/apache/lib/Cake/Routing/Dispatcher.php(167): Dispatcher->_invoke(Object(RequestsController), Object(CakeRequest))
#9 /var/www/apache/app/webroot/index.php(108): Dispatcher->dispatch(Object(CakeRequest), Object(CakeResponse))
#10 {main}
2014-12-12 10:29:40 Error: [PDOException] SQLSTATE[23000]: Integrity constraint violation: 1452 Cannot add or update a child row: a foreign key constraint fails (`playermatch`.`requests`, CONSTRAINT `fk_profile` FOREIGN KEY (`profile_id`) REFERENCES `profiles` (`id`))
Request URL: /requests/add
Stack Trace:
#0 /var/www/apache/lib/Cake/Model/Datasource/DboSource.php(458): PDOStatement->execute(Array)
#1 /var/www/apache/lib/Cake/Model/Datasource/DboSource.php(424): DboSource->_execute('INSERT INTO `pl...', Array)
#2 /var/www/apache/lib/Cake/Model/Datasource/DboSource.php(1012): DboSource->execute('INSERT INTO `pl...')
#3 /var/www/apache/lib/Cake/Model/Model.php(1856): DboSource->create(Object(Request), Array, Array)
#4 /var/www/apache/app/Controller/RequestsController.php(10): Model->save(Array)
#5 [internal function]: RequestsController->add()
#6 /var/www/apache/lib/Cake/Controller/Controller.php(490): ReflectionMethod->invokeArgs(Object(RequestsController), Array)
#7 /var/www/apache/lib/Cake/Routing/Dispatcher.php(193): Controller->invokeAction(Object(CakeRequest))
#8 /var/www/apache/lib/Cake/Routing/Dispatcher.php(167): Dispatcher->_invoke(Object(RequestsController), Object(CakeRequest))
#9 /var/www/apache/app/webroot/index.php(108): Dispatcher->dispatch(Object(CakeRequest), Object(CakeResponse))
#10 {main}
2014-12-12 10:32:54 Error: [PDOException] SQLSTATE[23000]: Integrity constraint violation: 1452 Cannot add or update a child row: a foreign key constraint fails (`playermatch`.`requests`, CONSTRAINT `fk_profile` FOREIGN KEY (`profile_id`) REFERENCES `profiles` (`id`))
Request URL: /requests/add
Stack Trace:
#0 /var/www/apache/lib/Cake/Model/Datasource/DboSource.php(458): PDOStatement->execute(Array)
#1 /var/www/apache/lib/Cake/Model/Datasource/DboSource.php(424): DboSource->_execute('INSERT INTO `pl...', Array)
#2 /var/www/apache/lib/Cake/Model/Datasource/DboSource.php(1012): DboSource->execute('INSERT INTO `pl...')
#3 /var/www/apache/lib/Cake/Model/Model.php(1856): DboSource->create(Object(Request), Array, Array)
#4 /var/www/apache/app/Controller/RequestsController.php(52): Model->save(Array)
#5 [internal function]: RequestsController->add()
#6 /var/www/apache/lib/Cake/Controller/Controller.php(490): ReflectionMethod->invokeArgs(Object(RequestsController), Array)
#7 /var/www/apache/lib/Cake/Routing/Dispatcher.php(193): Controller->invokeAction(Object(CakeRequest))
#8 /var/www/apache/lib/Cake/Routing/Dispatcher.php(167): Dispatcher->_invoke(Object(RequestsController), Object(CakeRequest))
#9 /var/www/apache/app/webroot/index.php(108): Dispatcher->dispatch(Object(CakeRequest), Object(CakeResponse))
#10 {main}
2014-12-12 10:32:59 Error: [MissingControllerException] Controller class ProfileController could not be found.
Exception Attributes: array (
  'class' => 'ProfileController',
  'plugin' => NULL,
)
Request URL: /profile/add
Stack Trace:
#0 /var/www/apache/app/webroot/index.php(108): Dispatcher->dispatch(Object(CakeRequest), Object(CakeResponse))
#1 {main}
2014-12-12 10:39:10 Error: [PDOException] SQLSTATE[23000]: Integrity constraint violation: 1452 Cannot add or update a child row: a foreign key constraint fails (`playermatch`.`requests`, CONSTRAINT `fk_profile` FOREIGN KEY (`profile_id`) REFERENCES `profiles` (`id`))
Request URL: /requests/add
Stack Trace:
#0 /var/www/apache/lib/Cake/Model/Datasource/DboSource.php(458): PDOStatement->execute(Array)
#1 /var/www/apache/lib/Cake/Model/Datasource/DboSource.php(424): DboSource->_execute('INSERT INTO `pl...', Array)
#2 /var/www/apache/lib/Cake/Model/Datasource/DboSource.php(1012): DboSource->execute('INSERT INTO `pl...')
#3 /var/www/apache/lib/Cake/Model/Model.php(1856): DboSource->create(Object(Request), Array, Array)
#4 /var/www/apache/app/Controller/RequestsController.php(52): Model->save(Array)
#5 [internal function]: RequestsController->add()
#6 /var/www/apache/lib/Cake/Controller/Controller.php(490): ReflectionMethod->invokeArgs(Object(RequestsController), Array)
#7 /var/www/apache/lib/Cake/Routing/Dispatcher.php(193): Controller->invokeAction(Object(CakeRequest))
#8 /var/www/apache/lib/Cake/Routing/Dispatcher.php(167): Dispatcher->_invoke(Object(RequestsController), Object(CakeRequest))
#9 /var/www/apache/app/webroot/index.php(108): Dispatcher->dispatch(Object(CakeRequest), Object(CakeResponse))
#10 {main}
2014-12-12 10:42:04 Error: [MissingActionException] Action UsersController::view() could not be found.
Exception Attributes: array (
  'controller' => 'UsersController',
  'action' => 'view',
)
Request URL: /users/view/3
Stack Trace:
#0 /var/www/apache/lib/Cake/Routing/Dispatcher.php(193): Controller->invokeAction(Object(CakeRequest))
#1 /var/www/apache/lib/Cake/Routing/Dispatcher.php(167): Dispatcher->_invoke(Object(UsersController), Object(CakeRequest))
#2 /var/www/apache/app/webroot/index.php(108): Dispatcher->dispatch(Object(CakeRequest), Object(CakeResponse))
#3 {main}
2014-12-12 10:42:10 Error: [MissingActionException] Action UsersController::3() could not be found.
Exception Attributes: array (
  'controller' => 'UsersController',
  'action' => '3',
)
Request URL: /users/3
Stack Trace:
#0 /var/www/apache/lib/Cake/Routing/Dispatcher.php(193): Controller->invokeAction(Object(CakeRequest))
#1 /var/www/apache/lib/Cake/Routing/Dispatcher.php(167): Dispatcher->_invoke(Object(UsersController), Object(CakeRequest))
#2 /var/www/apache/app/webroot/index.php(108): Dispatcher->dispatch(Object(CakeRequest), Object(CakeResponse))
#3 {main}
2014-12-12 10:42:18 Error: [MissingActionException] Action UsersController::view() could not be found.
Exception Attributes: array (
  'controller' => 'UsersController',
  'action' => 'view',
)
Request URL: /users/view/3
Stack Trace:
#0 /var/www/apache/lib/Cake/Routing/Dispatcher.php(193): Controller->invokeAction(Object(CakeRequest))
#1 /var/www/apache/lib/Cake/Routing/Dispatcher.php(167): Dispatcher->_invoke(Object(UsersController), Object(CakeRequest))
#2 /var/www/apache/app/webroot/index.php(108): Dispatcher->dispatch(Object(CakeRequest), Object(CakeResponse))
#3 {main}
2014-12-12 10:43:12 Error: [PDOException] SQLSTATE[42S22]: Column not found: 1054 Unknown column 'Resquest.user_id' in 'field list'
Request URL: /users/view/3
Stack Trace:
#0 /var/www/apache/lib/Cake/Model/Datasource/DboSource.php(458): PDOStatement->execute(Array)
#1 /var/www/apache/lib/Cake/Model/Datasource/DboSource.php(424): DboSource->_execute('SELECT `Resques...', Array)
#2 /var/www/apache/lib/Cake/Model/Datasource/DboSource.php(666): DboSource->execute('SELECT `Resques...', Array, Array)
#3 /var/www/apache/lib/Cake/Model/Datasource/DboSource.php(1417): DboSource->fetchAll('SELECT `Resques...', false)
#4 /var/www/apache/lib/Cake/Model/Datasource/DboSource.php(1254): DboSource->_fetchHasMany(Object(User), 'SELECT `Resques...', Array)
#5 /var/www/apache/lib/Cake/Model/Datasource/DboSource.php(1137): DboSource->queryAssociation(Object(User), Object(Request), 'hasMany', 'Resquest', Array, Array, true, Array, 0, Array)
#6 /var/www/apache/lib/Cake/Model/Model.php(2951): DboSource->read(Object(User), Array)
#7 /var/www/apache/lib/Cake/Model/Model.php(2923): Model->_readDataSource('first', Array)
#8 /var/www/apache/lib/Cake/Model/Model.php(1608): Model->find('first', Array)
#9 /var/www/apache/app/Controller/UsersController.php(79): Model->read(NULL, '3')
#10 [internal function]: UsersController->view('3')
#11 /var/www/apache/lib/Cake/Controller/Controller.php(490): ReflectionMethod->invokeArgs(Object(UsersController), Array)
#12 /var/www/apache/lib/Cake/Routing/Dispatcher.php(193): Controller->invokeAction(Object(CakeRequest))
#13 /var/www/apache/lib/Cake/Routing/Dispatcher.php(167): Dispatcher->_invoke(Object(UsersController), Object(CakeRequest))
#14 /var/www/apache/app/webroot/index.php(108): Dispatcher->dispatch(Object(CakeRequest), Object(CakeResponse))
#15 {main}
2014-12-12 10:44:50 Error: [MissingActionException] Action UsersController::edit() could not be found.
Exception Attributes: array (
  'controller' => 'UsersController',
  'action' => 'edit',
)
Request URL: /users/edit/3
Stack Trace:
#0 /var/www/apache/lib/Cake/Routing/Dispatcher.php(193): Controller->invokeAction(Object(CakeRequest))
#1 /var/www/apache/lib/Cake/Routing/Dispatcher.php(167): Dispatcher->_invoke(Object(UsersController), Object(CakeRequest))
#2 /var/www/apache/app/webroot/index.php(108): Dispatcher->dispatch(Object(CakeRequest), Object(CakeResponse))
#3 {main}
2014-12-14 17:47:45 Error: [MissingTableException] Table leagues for model League was not found in datasource default.
Exception Attributes: array (
  'table' => 'leagues',
  'class' => 'League',
  'ds' => 'default',
)
Request URL: /scpracticas/profiles
Stack Trace:
#0 C:\wamp\www\scpracticas\lib\Cake\Model\Model.php(3566): Model->setSource('leagues')
#1 C:\wamp\www\scpracticas\lib\Cake\Model\Model.php(1369): Model->getDataSource()
#2 C:\wamp\www\scpracticas\lib\Cake\Model\Datasource\DboSource.php(2490): Model->schema()
#3 C:\wamp\www\scpracticas\lib\Cake\Model\Datasource\DboSource.php(1715): DboSource->fields(Object(League), 'League', '')
#4 C:\wamp\www\scpracticas\lib\Cake\Model\Datasource\DboSource.php(1093): DboSource->generateAssociationQuery(Object(Profile), Object(League), 'belongsTo', 'League', Array, Array, false)
#5 C:\wamp\www\scpracticas\lib\Cake\Model\Model.php(2947): DboSource->read(Object(Profile), Array)
#6 C:\wamp\www\scpracticas\lib\Cake\Model\Model.php(2919): Model->_readDataSource('all', Array)
#7 C:\wamp\www\scpracticas\lib\Cake\Controller\Component\PaginatorComponent.php(196): Model->find('all', Array)
#8 C:\wamp\www\scpracticas\app\Controller\ProfilesController.php(26): PaginatorComponent->paginate()
#9 [internal function]: ProfilesController->index()
#10 C:\wamp\www\scpracticas\lib\Cake\Controller\Controller.php(490): ReflectionMethod->invokeArgs(Object(ProfilesController), Array)
#11 C:\wamp\www\scpracticas\lib\Cake\Routing\Dispatcher.php(191): Controller->invokeAction(Object(CakeRequest))
#12 C:\wamp\www\scpracticas\lib\Cake\Routing\Dispatcher.php(165): Dispatcher->_invoke(Object(ProfilesController), Object(CakeRequest))
#13 C:\wamp\www\scpracticas\app\webroot\index.php(108): Dispatcher->dispatch(Object(CakeRequest), Object(CakeResponse))
#14 {main}
2014-12-14 17:47:55 Error: [MissingTableException] Table leagues for model League was not found in datasource default.
Exception Attributes: array (
  'table' => 'leagues',
  'class' => 'League',
  'ds' => 'default',
)
Request URL: /scpracticas/profiles
Stack Trace:
#0 C:\wamp\www\scpracticas\lib\Cake\Model\Model.php(3566): Model->setSource('leagues')
#1 C:\wamp\www\scpracticas\lib\Cake\Model\Model.php(1369): Model->getDataSource()
#2 C:\wamp\www\scpracticas\lib\Cake\Model\Datasource\DboSource.php(2490): Model->schema()
#3 C:\wamp\www\scpracticas\lib\Cake\Model\Datasource\DboSource.php(1715): DboSource->fields(Object(League), 'League', '')
#4 C:\wamp\www\scpracticas\lib\Cake\Model\Datasource\DboSource.php(1093): DboSource->generateAssociationQuery(Object(Profile), Object(League), 'belongsTo', 'League', Array, Array, false)
#5 C:\wamp\www\scpracticas\lib\Cake\Model\Model.php(2947): DboSource->read(Object(Profile), Array)
#6 C:\wamp\www\scpracticas\lib\Cake\Model\Model.php(2919): Model->_readDataSource('all', Array)
#7 C:\wamp\www\scpracticas\lib\Cake\Controller\Component\PaginatorComponent.php(196): Model->find('all', Array)
#8 C:\wamp\www\scpracticas\app\Controller\ProfilesController.php(26): PaginatorComponent->paginate()
#9 [internal function]: ProfilesController->index()
#10 C:\wamp\www\scpracticas\lib\Cake\Controller\Controller.php(490): ReflectionMethod->invokeArgs(Object(ProfilesController), Array)
#11 C:\wamp\www\scpracticas\lib\Cake\Routing\Dispatcher.php(191): Controller->invokeAction(Object(CakeRequest))
#12 C:\wamp\www\scpracticas\lib\Cake\Routing\Dispatcher.php(165): Dispatcher->_invoke(Object(ProfilesController), Object(CakeRequest))
#13 C:\wamp\www\scpracticas\app\webroot\index.php(108): Dispatcher->dispatch(Object(CakeRequest), Object(CakeResponse))
#14 {main}
2014-12-14 17:48:18 Error: [MissingTableException] Table leagues for model League was not found in datasource default.
Exception Attributes: array (
  'table' => 'leagues',
  'class' => 'League',
  'ds' => 'default',
)
Request URL: /scpracticas/profiles
Stack Trace:
#0 C:\wamp\www\scpracticas\lib\Cake\Model\Model.php(3566): Model->setSource('leagues')
#1 C:\wamp\www\scpracticas\lib\Cake\Model\Model.php(1369): Model->getDataSource()
#2 C:\wamp\www\scpracticas\lib\Cake\Model\Datasource\DboSource.php(2490): Model->schema()
#3 C:\wamp\www\scpracticas\lib\Cake\Model\Datasource\DboSource.php(1715): DboSource->fields(Object(League), 'League', '')
#4 C:\wamp\www\scpracticas\lib\Cake\Model\Datasource\DboSource.php(1093): DboSource->generateAssociationQuery(Object(Profile), Object(League), 'belongsTo', 'League', Array, Array, false)
#5 C:\wamp\www\scpracticas\lib\Cake\Model\Model.php(2947): DboSource->read(Object(Profile), Array)
#6 C:\wamp\www\scpracticas\lib\Cake\Model\Model.php(2919): Model->_readDataSource('all', Array)
#7 C:\wamp\www\scpracticas\lib\Cake\Controller\Component\PaginatorComponent.php(196): Model->find('all', Array)
#8 C:\wamp\www\scpracticas\app\Controller\ProfilesController.php(26): PaginatorComponent->paginate()
#9 [internal function]: ProfilesController->index()
#10 C:\wamp\www\scpracticas\lib\Cake\Controller\Controller.php(490): ReflectionMethod->invokeArgs(Object(ProfilesController), Array)
#11 C:\wamp\www\scpracticas\lib\Cake\Routing\Dispatcher.php(191): Controller->invokeAction(Object(CakeRequest))
#12 C:\wamp\www\scpracticas\lib\Cake\Routing\Dispatcher.php(165): Dispatcher->_invoke(Object(ProfilesController), Object(CakeRequest))
#13 C:\wamp\www\scpracticas\app\webroot\index.php(108): Dispatcher->dispatch(Object(CakeRequest), Object(CakeResponse))
#14 {main}
2014-12-14 17:49:23 Error: [MissingTableException] Table leagues for model League was not found in datasource default.
Exception Attributes: array (
  'table' => 'leagues',
  'class' => 'League',
  'ds' => 'default',
)
Request URL: /scpracticas/profiles/add
Stack Trace:
#0 C:\wamp\www\scpracticas\lib\Cake\Model\Model.php(3566): Model->setSource('leagues')
#1 C:\wamp\www\scpracticas\lib\Cake\Model\Model.php(2947): Model->getDataSource()
#2 C:\wamp\www\scpracticas\lib\Cake\Model\Model.php(2919): Model->_readDataSource('list', Array)
#3 C:\wamp\www\scpracticas\app\Controller\ProfilesController.php(60): Model->find('list')
#4 [internal function]: ProfilesController->add()
#5 C:\wamp\www\scpracticas\lib\Cake\Controller\Controller.php(490): ReflectionMethod->invokeArgs(Object(ProfilesController), Array)
#6 C:\wamp\www\scpracticas\lib\Cake\Routing\Dispatcher.php(191): Controller->invokeAction(Object(CakeRequest))
#7 C:\wamp\www\scpracticas\lib\Cake\Routing\Dispatcher.php(165): Dispatcher->_invoke(Object(ProfilesController), Object(CakeRequest))
#8 C:\wamp\www\scpracticas\app\webroot\index.php(108): Dispatcher->dispatch(Object(CakeRequest), Object(CakeResponse))
#9 {main}
2014-12-14 17:52:11 Error: Fatal Error (4): syntax error, unexpected 'list' (T_LIST), expecting identifier (T_STRING) in [C:\wamp\www\scpracticas\app\Controller\LeaguesController.php, line 112]
2014-12-14 17:52:11 Error: [FatalErrorException] syntax error, unexpected 'list' (T_LIST), expecting identifier (T_STRING)
Request URL: /scpracticas/leagues
Stack Trace:
#0 C:\wamp\www\scpracticas\lib\Cake\Error\ErrorHandler.php(203): ErrorHandler::handleFatalError(4, 'syntax error, u...', 'C:\\wamp\\www\\scp...', 112)
#1 [internal function]: ErrorHandler::handleError(4, 'syntax error, u...', 'C:\\wamp\\www\\scp...', 112, Array)
#2 C:\wamp\www\scpracticas\lib\Cake\Core\App.php(931): call_user_func('ErrorHandler::h...', 4, 'syntax error, u...', 'C:\\wamp\\www\\scp...', 112, Array)
#3 C:\wamp\www\scpracticas\lib\Cake\Core\App.php(904): App::_checkFatalError()
#4 [internal function]: App::shutdown()
#5 {main}
2014-12-14 17:52:42 Error: Fatal Error (4): syntax error, unexpected 'list' (T_LIST), expecting identifier (T_STRING) in [C:\wamp\www\scpracticas\app\Controller\LeaguesController.php, line 112]
2014-12-14 17:52:42 Error: [FatalErrorException] syntax error, unexpected 'list' (T_LIST), expecting identifier (T_STRING)
Request URL: /scpracticas/leagues/add
Stack Trace:
#0 C:\wamp\www\scpracticas\lib\Cake\Error\ErrorHandler.php(203): ErrorHandler::handleFatalError(4, 'syntax error, u...', 'C:\\wamp\\www\\scp...', 112)
#1 [internal function]: ErrorHandler::handleError(4, 'syntax error, u...', 'C:\\wamp\\www\\scp...', 112, Array)
#2 C:\wamp\www\scpracticas\lib\Cake\Core\App.php(931): call_user_func('ErrorHandler::h...', 4, 'syntax error, u...', 'C:\\wamp\\www\\scp...', 112, Array)
#3 C:\wamp\www\scpracticas\lib\Cake\Core\App.php(904): App::_checkFatalError()
#4 [internal function]: App::shutdown()
#5 {main}
2014-12-14 17:55:13 Error: [MissingControllerException] Controller class Games{Controller could not be found.
Exception Attributes: array (
  'class' => 'Games{Controller',
  'plugin' => NULL,
)
Request URL: /scpracticas/games%7B
Stack Trace:
#0 C:\wamp\www\scpracticas\app\webroot\index.php(108): Dispatcher->dispatch(Object(CakeRequest), Object(CakeResponse))
#1 {main}
2014-12-14 17:56:21 Error: [NotFoundException] Invalid user
Request URL: /scpracticas/users/view
Stack Trace:
#0 [internal function]: UsersController->view()
#1 C:\wamp\www\scpracticas\lib\Cake\Controller\Controller.php(490): ReflectionMethod->invokeArgs(Object(UsersController), Array)
#2 C:\wamp\www\scpracticas\lib\Cake\Routing\Dispatcher.php(191): Controller->invokeAction(Object(CakeRequest))
#3 C:\wamp\www\scpracticas\lib\Cake\Routing\Dispatcher.php(165): Dispatcher->_invoke(Object(UsersController), Object(CakeRequest))
#4 C:\wamp\www\scpracticas\app\webroot\index.php(108): Dispatcher->dispatch(Object(CakeRequest), Object(CakeResponse))
#5 {main}
2014-12-14 17:56:26 Error: [MissingActionException] Action UsersController::add() could not be found.
Exception Attributes: array (
  'controller' => 'UsersController',
  'action' => 'add',
)
Request URL: /scpracticas/users/add
Stack Trace:
#0 C:\wamp\www\scpracticas\lib\Cake\Routing\Dispatcher.php(191): Controller->invokeAction(Object(CakeRequest))
#1 C:\wamp\www\scpracticas\lib\Cake\Routing\Dispatcher.php(165): Dispatcher->_invoke(Object(UsersController), Object(CakeRequest))
#2 C:\wamp\www\scpracticas\app\webroot\index.php(108): Dispatcher->dispatch(Object(CakeRequest), Object(CakeResponse))
#3 {main}
2014-12-14 17:56:47 Error: [MissingActionException] Action UsersController::2() could not be found.
Exception Attributes: array (
  'controller' => 'UsersController',
  'action' => '2',
)
Request URL: /scpracticas/users/2
Stack Trace:
#0 C:\wamp\www\scpracticas\lib\Cake\Routing\Dispatcher.php(191): Controller->invokeAction(Object(CakeRequest))
#1 C:\wamp\www\scpracticas\lib\Cake\Routing\Dispatcher.php(165): Dispatcher->_invoke(Object(UsersController), Object(CakeRequest))
#2 C:\wamp\www\scpracticas\app\webroot\index.php(108): Dispatcher->dispatch(Object(CakeRequest), Object(CakeResponse))
#3 {main}
2014-12-14 17:57:49 Error: [PDOException] SQLSTATE[42S22]: Column not found: 1054 Unknown column 'League.game_id' in 'on clause'
Request URL: /scpracticas/leagues
Stack Trace:
#0 C:\wamp\www\scpracticas\lib\Cake\Model\Datasource\DboSource.php(458): PDOStatement->execute(Array)
#1 C:\wamp\www\scpracticas\lib\Cake\Model\Datasource\DboSource.php(424): DboSource->_execute('SELECT `League`...', Array)
#2 C:\wamp\www\scpracticas\lib\Cake\Model\Datasource\DboSource.php(666): DboSource->execute('SELECT `League`...', Array, Array)
#3 C:\wamp\www\scpracticas\lib\Cake\Model\Datasource\DboSource.php(1106): DboSource->fetchAll('SELECT `League`...', false)
#4 C:\wamp\www\scpracticas\lib\Cake\Model\Model.php(2947): DboSource->read(Object(League), Array)
#5 C:\wamp\www\scpracticas\lib\Cake\Model\Model.php(2919): Model->_readDataSource('all', Array)
#6 C:\wamp\www\scpracticas\lib\Cake\Controller\Component\PaginatorComponent.php(196): Model->find('all', Array)
#7 C:\wamp\www\scpracticas\app\Controller\LeaguesController.php(26): PaginatorComponent->paginate()
#8 [internal function]: LeaguesController->index()
#9 C:\wamp\www\scpracticas\lib\Cake\Controller\Controller.php(490): ReflectionMethod->invokeArgs(Object(LeaguesController), Array)
#10 C:\wamp\www\scpracticas\lib\Cake\Routing\Dispatcher.php(191): Controller->invokeAction(Object(CakeRequest))
#11 C:\wamp\www\scpracticas\lib\Cake\Routing\Dispatcher.php(165): Dispatcher->_invoke(Object(LeaguesController), Object(CakeRequest))
#12 C:\wamp\www\scpracticas\app\webroot\index.php(108): Dispatcher->dispatch(Object(CakeRequest), Object(CakeResponse))
#13 {main}
2014-12-14 18:09:29 Error: [PDOException] SQLSTATE[42S22]: Column not found: 1054 Unknown column 'League.game_id' in 'on clause'
Request URL: /scpracticas/leagues
Stack Trace:
#0 C:\wamp\www\scpracticas\lib\Cake\Model\Datasource\DboSource.php(458): PDOStatement->execute(Array)
#1 C:\wamp\www\scpracticas\lib\Cake\Model\Datasource\DboSource.php(424): DboSource->_execute('SELECT `League`...', Array)
#2 C:\wamp\www\scpracticas\lib\Cake\Model\Datasource\DboSource.php(666): DboSource->execute('SELECT `League`...', Array, Array)
#3 C:\wamp\www\scpracticas\lib\Cake\Model\Datasource\DboSource.php(1106): DboSource->fetchAll('SELECT `League`...', false)
#4 C:\wamp\www\scpracticas\lib\Cake\Model\Model.php(2947): DboSource->read(Object(League), Array)
#5 C:\wamp\www\scpracticas\lib\Cake\Model\Model.php(2919): Model->_readDataSource('all', Array)
#6 C:\wamp\www\scpracticas\lib\Cake\Controller\Component\PaginatorComponent.php(196): Model->find('all', Array)
#7 C:\wamp\www\scpracticas\app\Controller\LeaguesController.php(26): PaginatorComponent->paginate()
#8 [internal function]: LeaguesController->index()
#9 C:\wamp\www\scpracticas\lib\Cake\Controller\Controller.php(490): ReflectionMethod->invokeArgs(Object(LeaguesController), Array)
#10 C:\wamp\www\scpracticas\lib\Cake\Routing\Dispatcher.php(191): Controller->invokeAction(Object(CakeRequest))
#11 C:\wamp\www\scpracticas\lib\Cake\Routing\Dispatcher.php(165): Dispatcher->_invoke(Object(LeaguesController), Object(CakeRequest))
#12 C:\wamp\www\scpracticas\app\webroot\index.php(108): Dispatcher->dispatch(Object(CakeRequest), Object(CakeResponse))
#13 {main}
2014-12-14 18:19:14 Error: [PDOException] SQLSTATE[42S22]: Column not found: 1054 Unknown column 'League.game_id' in 'on clause'
Request URL: /scpracticas/leagues
Stack Trace:
#0 C:\wamp\www\scpracticas\lib\Cake\Model\Datasource\DboSource.php(458): PDOStatement->execute(Array)
#1 C:\wamp\www\scpracticas\lib\Cake\Model\Datasource\DboSource.php(424): DboSource->_execute('SELECT `League`...', Array)
#2 C:\wamp\www\scpracticas\lib\Cake\Model\Datasource\DboSource.php(666): DboSource->execute('SELECT `League`...', Array, Array)
#3 C:\wamp\www\scpracticas\lib\Cake\Model\Datasource\DboSource.php(1106): DboSource->fetchAll('SELECT `League`...', false)
#4 C:\wamp\www\scpracticas\lib\Cake\Model\Model.php(2947): DboSource->read(Object(League), Array)
#5 C:\wamp\www\scpracticas\lib\Cake\Model\Model.php(2919): Model->_readDataSource('all', Array)
#6 C:\wamp\www\scpracticas\lib\Cake\Controller\Component\PaginatorComponent.php(196): Model->find('all', Array)
#7 C:\wamp\www\scpracticas\app\Controller\LeaguesController.php(26): PaginatorComponent->paginate()
#8 [internal function]: LeaguesController->index()
#9 C:\wamp\www\scpracticas\lib\Cake\Controller\Controller.php(490): ReflectionMethod->invokeArgs(Object(LeaguesController), Array)
#10 C:\wamp\www\scpracticas\lib\Cake\Routing\Dispatcher.php(191): Controller->invokeAction(Object(CakeRequest))
#11 C:\wamp\www\scpracticas\lib\Cake\Routing\Dispatcher.php(165): Dispatcher->_invoke(Object(LeaguesController), Object(CakeRequest))
#12 C:\wamp\www\scpracticas\app\webroot\index.php(108): Dispatcher->dispatch(Object(CakeRequest), Object(CakeResponse))
#13 {main}
2014-12-14 22:21:23 Error: [PDOException] SQLSTATE[42S22]: Column not found: 1054 Unknown column 'League.game_id' in 'on clause'
Request URL: /scpracticas/leagues
Stack Trace:
#0 C:\wamp\www\scpracticas\lib\Cake\Model\Datasource\DboSource.php(458): PDOStatement->execute(Array)
#1 C:\wamp\www\scpracticas\lib\Cake\Model\Datasource\DboSource.php(424): DboSource->_execute('SELECT `League`...', Array)
#2 C:\wamp\www\scpracticas\lib\Cake\Model\Datasource\DboSource.php(666): DboSource->execute('SELECT `League`...', Array, Array)
#3 C:\wamp\www\scpracticas\lib\Cake\Model\Datasource\DboSource.php(1106): DboSource->fetchAll('SELECT `League`...', false)
#4 C:\wamp\www\scpracticas\lib\Cake\Model\Model.php(2947): DboSource->read(Object(League), Array)
#5 C:\wamp\www\scpracticas\lib\Cake\Model\Model.php(2919): Model->_readDataSource('all', Array)
#6 C:\wamp\www\scpracticas\lib\Cake\Controller\Component\PaginatorComponent.php(196): Model->find('all', Array)
#7 C:\wamp\www\scpracticas\app\Controller\LeaguesController.php(26): PaginatorComponent->paginate()
#8 [internal function]: LeaguesController->index()
#9 C:\wamp\www\scpracticas\lib\Cake\Controller\Controller.php(490): ReflectionMethod->invokeArgs(Object(LeaguesController), Array)
#10 C:\wamp\www\scpracticas\lib\Cake\Routing\Dispatcher.php(191): Controller->invokeAction(Object(CakeRequest))
#11 C:\wamp\www\scpracticas\lib\Cake\Routing\Dispatcher.php(165): Dispatcher->_invoke(Object(LeaguesController), Object(CakeRequest))
#12 C:\wamp\www\scpracticas\app\webroot\index.php(108): Dispatcher->dispatch(Object(CakeRequest), Object(CakeResponse))
#13 {main}
2014-12-14 22:52:44 Error: [MissingActionException] Action ProfilesController::ajax() could not be found.
Exception Attributes: array (
  'controller' => 'ProfilesController',
  'action' => 'ajax',
)
Request URL: /scpracticas/profiles/ajax
Stack Trace:
#0 C:\wamp\www\scpracticas\lib\Cake\Routing\Dispatcher.php(191): Controller->invokeAction(Object(CakeRequest))
#1 C:\wamp\www\scpracticas\lib\Cake\Routing\Dispatcher.php(165): Dispatcher->_invoke(Object(ProfilesController), Object(CakeRequest))
#2 C:\wamp\www\scpracticas\app\webroot\index.php(108): Dispatcher->dispatch(Object(CakeRequest), Object(CakeResponse))
#3 {main}
2014-12-14 22:53:41 Error: [MissingActionException] Action ProfilesController::lists() could not be found.
Exception Attributes: array (
  'controller' => 'ProfilesController',
  'action' => 'lists',
)
Request URL: /scpracticas/profiles/lists
Stack Trace:
#0 C:\wamp\www\scpracticas\lib\Cake\Routing\Dispatcher.php(191): Controller->invokeAction(Object(CakeRequest))
#1 C:\wamp\www\scpracticas\lib\Cake\Routing\Dispatcher.php(165): Dispatcher->_invoke(Object(ProfilesController), Object(CakeRequest))
#2 C:\wamp\www\scpracticas\app\webroot\index.php(108): Dispatcher->dispatch(Object(CakeRequest), Object(CakeResponse))
#3 {main}
2014-12-16 02:48:35 Error: [PDOException] SQLSTATE[42S22]: Column not found: 1054 Unknown column 'League.game_id' in 'on clause'
Request URL: /scpracticas/leagues
Stack Trace:
#0 C:\wamp\www\scpracticas\lib\Cake\Model\Datasource\DboSource.php(458): PDOStatement->execute(Array)
#1 C:\wamp\www\scpracticas\lib\Cake\Model\Datasource\DboSource.php(424): DboSource->_execute('SELECT `League`...', Array)
#2 C:\wamp\www\scpracticas\lib\Cake\Model\Datasource\DboSource.php(666): DboSource->execute('SELECT `League`...', Array, Array)
#3 C:\wamp\www\scpracticas\lib\Cake\Model\Datasource\DboSource.php(1106): DboSource->fetchAll('SELECT `League`...', false)
#4 C:\wamp\www\scpracticas\lib\Cake\Model\Model.php(2947): DboSource->read(Object(League), Array)
#5 C:\wamp\www\scpracticas\lib\Cake\Model\Model.php(2919): Model->_readDataSource('all', Array)
#6 C:\wamp\www\scpracticas\lib\Cake\Controller\Component\PaginatorComponent.php(196): Model->find('all', Array)
#7 C:\wamp\www\scpracticas\app\Controller\LeaguesController.php(26): PaginatorComponent->paginate()
#8 [internal function]: LeaguesController->index()
#9 C:\wamp\www\scpracticas\lib\Cake\Controller\Controller.php(490): ReflectionMethod->invokeArgs(Object(LeaguesController), Array)
#10 C:\wamp\www\scpracticas\lib\Cake\Routing\Dispatcher.php(191): Controller->invokeAction(Object(CakeRequest))
#11 C:\wamp\www\scpracticas\lib\Cake\Routing\Dispatcher.php(165): Dispatcher->_invoke(Object(LeaguesController), Object(CakeRequest))
#12 C:\wamp\www\scpracticas\app\webroot\index.php(108): Dispatcher->dispatch(Object(CakeRequest), Object(CakeResponse))
#13 {main}
2014-12-17 01:47:45 Error: [MissingActionException] Action RequestsController::browse() could not be found.
Exception Attributes: array (
  'controller' => 'RequestsController',
  'action' => 'browse',
)
Request URL: /scpracticas/requests/browse
Stack Trace:
#0 C:\wamp\www\scpracticas\lib\Cake\Routing\Dispatcher.php(191): Controller->invokeAction(Object(CakeRequest))
#1 C:\wamp\www\scpracticas\lib\Cake\Routing\Dispatcher.php(165): Dispatcher->_invoke(Object(RequestsController), Object(CakeRequest))
#2 C:\wamp\www\scpracticas\app\webroot\index.php(108): Dispatcher->dispatch(Object(CakeRequest), Object(CakeResponse))
#3 {main}
2014-12-17 01:48:16 Error: [PDOException] SQLSTATE[42S22]: Column not found: 1054 Unknown column 'League.game_id' in 'on clause'
Request URL: /scpracticas/leagues
Stack Trace:
#0 C:\wamp\www\scpracticas\lib\Cake\Model\Datasource\DboSource.php(458): PDOStatement->execute(Array)
#1 C:\wamp\www\scpracticas\lib\Cake\Model\Datasource\DboSource.php(424): DboSource->_execute('SELECT `League`...', Array)
#2 C:\wamp\www\scpracticas\lib\Cake\Model\Datasource\DboSource.php(666): DboSource->execute('SELECT `League`...', Array, Array)
#3 C:\wamp\www\scpracticas\lib\Cake\Model\Datasource\DboSource.php(1106): DboSource->fetchAll('SELECT `League`...', false)
#4 C:\wamp\www\scpracticas\lib\Cake\Model\Model.php(2947): DboSource->read(Object(League), Array)
#5 C:\wamp\www\scpracticas\lib\Cake\Model\Model.php(2919): Model->_readDataSource('all', Array)
#6 C:\wamp\www\scpracticas\lib\Cake\Controller\Component\PaginatorComponent.php(196): Model->find('all', Array)
#7 C:\wamp\www\scpracticas\app\Controller\LeaguesController.php(26): PaginatorComponent->paginate()
#8 [internal function]: LeaguesController->index()
#9 C:\wamp\www\scpracticas\lib\Cake\Controller\Controller.php(490): ReflectionMethod->invokeArgs(Object(LeaguesController), Array)
#10 C:\wamp\www\scpracticas\lib\Cake\Routing\Dispatcher.php(191): Controller->invokeAction(Object(CakeRequest))
#11 C:\wamp\www\scpracticas\lib\Cake\Routing\Dispatcher.php(165): Dispatcher->_invoke(Object(LeaguesController), Object(CakeRequest))
#12 C:\wamp\www\scpracticas\app\webroot\index.php(108): Dispatcher->dispatch(Object(CakeRequest), Object(CakeResponse))
#13 {main}
2014-12-17 01:48:44 Error: [PDOException] SQLSTATE[42S22]: Column not found: 1054 Unknown column 'League.game_id' in 'on clause'
Request URL: /scpracticas/leagues
Stack Trace:
#0 C:\wamp\www\scpracticas\lib\Cake\Model\Datasource\DboSource.php(458): PDOStatement->execute(Array)
#1 C:\wamp\www\scpracticas\lib\Cake\Model\Datasource\DboSource.php(424): DboSource->_execute('SELECT `League`...', Array)
#2 C:\wamp\www\scpracticas\lib\Cake\Model\Datasource\DboSource.php(666): DboSource->execute('SELECT `League`...', Array, Array)
#3 C:\wamp\www\scpracticas\lib\Cake\Model\Datasource\DboSource.php(1106): DboSource->fetchAll('SELECT `League`...', false)
#4 C:\wamp\www\scpracticas\lib\Cake\Model\Model.php(2947): DboSource->read(Object(League), Array)
#5 C:\wamp\www\scpracticas\lib\Cake\Model\Model.php(2919): Model->_readDataSource('all', Array)
#6 C:\wamp\www\scpracticas\lib\Cake\Controller\Component\PaginatorComponent.php(196): Model->find('all', Array)
#7 C:\wamp\www\scpracticas\app\Controller\LeaguesController.php(26): PaginatorComponent->paginate()
#8 [internal function]: LeaguesController->index()
#9 C:\wamp\www\scpracticas\lib\Cake\Controller\Controller.php(490): ReflectionMethod->invokeArgs(Object(LeaguesController), Array)
#10 C:\wamp\www\scpracticas\lib\Cake\Routing\Dispatcher.php(191): Controller->invokeAction(Object(CakeRequest))
#11 C:\wamp\www\scpracticas\lib\Cake\Routing\Dispatcher.php(165): Dispatcher->_invoke(Object(LeaguesController), Object(CakeRequest))
#12 C:\wamp\www\scpracticas\app\webroot\index.php(108): Dispatcher->dispatch(Object(CakeRequest), Object(CakeResponse))
#13 {main}
2014-12-17 01:48:47 Error: [PDOException] SQLSTATE[42S22]: Column not found: 1054 Unknown column 'League.game_id' in 'on clause'
Request URL: /scpracticas/leagues
Stack Trace:
#0 C:\wamp\www\scpracticas\lib\Cake\Model\Datasource\DboSource.php(458): PDOStatement->execute(Array)
#1 C:\wamp\www\scpracticas\lib\Cake\Model\Datasource\DboSource.php(424): DboSource->_execute('SELECT `League`...', Array)
#2 C:\wamp\www\scpracticas\lib\Cake\Model\Datasource\DboSource.php(666): DboSource->execute('SELECT `League`...', Array, Array)
#3 C:\wamp\www\scpracticas\lib\Cake\Model\Datasource\DboSource.php(1106): DboSource->fetchAll('SELECT `League`...', false)
#4 C:\wamp\www\scpracticas\lib\Cake\Model\Model.php(2947): DboSource->read(Object(League), Array)
#5 C:\wamp\www\scpracticas\lib\Cake\Model\Model.php(2919): Model->_readDataSource('all', Array)
#6 C:\wamp\www\scpracticas\lib\Cake\Controller\Component\PaginatorComponent.php(196): Model->find('all', Array)
#7 C:\wamp\www\scpracticas\app\Controller\LeaguesController.php(26): PaginatorComponent->paginate()
#8 [internal function]: LeaguesController->index()
#9 C:\wamp\www\scpracticas\lib\Cake\Controller\Controller.php(490): ReflectionMethod->invokeArgs(Object(LeaguesController), Array)
#10 C:\wamp\www\scpracticas\lib\Cake\Routing\Dispatcher.php(191): Controller->invokeAction(Object(CakeRequest))
#11 C:\wamp\www\scpracticas\lib\Cake\Routing\Dispatcher.php(165): Dispatcher->_invoke(Object(LeaguesController), Object(CakeRequest))
#12 C:\wamp\www\scpracticas\app\webroot\index.php(108): Dispatcher->dispatch(Object(CakeRequest), Object(CakeResponse))
#13 {main}
2014-12-17 01:48:48 Error: [PDOException] SQLSTATE[42S22]: Column not found: 1054 Unknown column 'League.game_id' in 'on clause'
Request URL: /scpracticas/leagues
Stack Trace:
#0 C:\wamp\www\scpracticas\lib\Cake\Model\Datasource\DboSource.php(458): PDOStatement->execute(Array)
#1 C:\wamp\www\scpracticas\lib\Cake\Model\Datasource\DboSource.php(424): DboSource->_execute('SELECT `League`...', Array)
#2 C:\wamp\www\scpracticas\lib\Cake\Model\Datasource\DboSource.php(666): DboSource->execute('SELECT `League`...', Array, Array)
#3 C:\wamp\www\scpracticas\lib\Cake\Model\Datasource\DboSource.php(1106): DboSource->fetchAll('SELECT `League`...', false)
#4 C:\wamp\www\scpracticas\lib\Cake\Model\Model.php(2947): DboSource->read(Object(League), Array)
#5 C:\wamp\www\scpracticas\lib\Cake\Model\Model.php(2919): Model->_readDataSource('all', Array)
#6 C:\wamp\www\scpracticas\lib\Cake\Controller\Component\PaginatorComponent.php(196): Model->find('all', Array)
#7 C:\wamp\www\scpracticas\app\Controller\LeaguesController.php(26): PaginatorComponent->paginate()
#8 [internal function]: LeaguesController->index()
#9 C:\wamp\www\scpracticas\lib\Cake\Controller\Controller.php(490): ReflectionMethod->invokeArgs(Object(LeaguesController), Array)
#10 C:\wamp\www\scpracticas\lib\Cake\Routing\Dispatcher.php(191): Controller->invokeAction(Object(CakeRequest))
#11 C:\wamp\www\scpracticas\lib\Cake\Routing\Dispatcher.php(165): Dispatcher->_invoke(Object(LeaguesController), Object(CakeRequest))
#12 C:\wamp\www\scpracticas\app\webroot\index.php(108): Dispatcher->dispatch(Object(CakeRequest), Object(CakeResponse))
#13 {main}
2014-12-17 01:48:48 Error: [PDOException] SQLSTATE[42S22]: Column not found: 1054 Unknown column 'League.game_id' in 'on clause'
Request URL: /scpracticas/leagues
Stack Trace:
#0 C:\wamp\www\scpracticas\lib\Cake\Model\Datasource\DboSource.php(458): PDOStatement->execute(Array)
#1 C:\wamp\www\scpracticas\lib\Cake\Model\Datasource\DboSource.php(424): DboSource->_execute('SELECT `League`...', Array)
#2 C:\wamp\www\scpracticas\lib\Cake\Model\Datasource\DboSource.php(666): DboSource->execute('SELECT `League`...', Array, Array)
#3 C:\wamp\www\scpracticas\lib\Cake\Model\Datasource\DboSource.php(1106): DboSource->fetchAll('SELECT `League`...', false)
#4 C:\wamp\www\scpracticas\lib\Cake\Model\Model.php(2947): DboSource->read(Object(League), Array)
#5 C:\wamp\www\scpracticas\lib\Cake\Model\Model.php(2919): Model->_readDataSource('all', Array)
#6 C:\wamp\www\scpracticas\lib\Cake\Controller\Component\PaginatorComponent.php(196): Model->find('all', Array)
#7 C:\wamp\www\scpracticas\app\Controller\LeaguesController.php(26): PaginatorComponent->paginate()
#8 [internal function]: LeaguesController->index()
#9 C:\wamp\www\scpracticas\lib\Cake\Controller\Controller.php(490): ReflectionMethod->invokeArgs(Object(LeaguesController), Array)
#10 C:\wamp\www\scpracticas\lib\Cake\Routing\Dispatcher.php(191): Controller->invokeAction(Object(CakeRequest))
#11 C:\wamp\www\scpracticas\lib\Cake\Routing\Dispatcher.php(165): Dispatcher->_invoke(Object(LeaguesController), Object(CakeRequest))
#12 C:\wamp\www\scpracticas\app\webroot\index.php(108): Dispatcher->dispatch(Object(CakeRequest), Object(CakeResponse))
#13 {main}
2014-12-17 01:48:49 Error: [PDOException] SQLSTATE[42S22]: Column not found: 1054 Unknown column 'League.game_id' in 'on clause'
Request URL: /scpracticas/leagues
Stack Trace:
#0 C:\wamp\www\scpracticas\lib\Cake\Model\Datasource\DboSource.php(458): PDOStatement->execute(Array)
#1 C:\wamp\www\scpracticas\lib\Cake\Model\Datasource\DboSource.php(424): DboSource->_execute('SELECT `League`...', Array)
#2 C:\wamp\www\scpracticas\lib\Cake\Model\Datasource\DboSource.php(666): DboSource->execute('SELECT `League`...', Array, Array)
#3 C:\wamp\www\scpracticas\lib\Cake\Model\Datasource\DboSource.php(1106): DboSource->fetchAll('SELECT `League`...', false)
#4 C:\wamp\www\scpracticas\lib\Cake\Model\Model.php(2947): DboSource->read(Object(League), Array)
#5 C:\wamp\www\scpracticas\lib\Cake\Model\Model.php(2919): Model->_readDataSource('all', Array)
#6 C:\wamp\www\scpracticas\lib\Cake\Controller\Component\PaginatorComponent.php(196): Model->find('all', Array)
#7 C:\wamp\www\scpracticas\app\Controller\LeaguesController.php(26): PaginatorComponent->paginate()
#8 [internal function]: LeaguesController->index()
#9 C:\wamp\www\scpracticas\lib\Cake\Controller\Controller.php(490): ReflectionMethod->invokeArgs(Object(LeaguesController), Array)
#10 C:\wamp\www\scpracticas\lib\Cake\Routing\Dispatcher.php(191): Controller->invokeAction(Object(CakeRequest))
#11 C:\wamp\www\scpracticas\lib\Cake\Routing\Dispatcher.php(165): Dispatcher->_invoke(Object(LeaguesController), Object(CakeRequest))
#12 C:\wamp\www\scpracticas\app\webroot\index.php(108): Dispatcher->dispatch(Object(CakeRequest), Object(CakeResponse))
#13 {main}
2014-12-17 01:49:35 Error: [PDOException] SQLSTATE[42S22]: Column not found: 1054 Unknown column 'League.game_id' in 'on clause'
Request URL: /scpracticas/leagues
Stack Trace:
#0 C:\wamp\www\scpracticas\lib\Cake\Model\Datasource\DboSource.php(458): PDOStatement->execute(Array)
#1 C:\wamp\www\scpracticas\lib\Cake\Model\Datasource\DboSource.php(424): DboSource->_execute('SELECT `League`...', Array)
#2 C:\wamp\www\scpracticas\lib\Cake\Model\Datasource\DboSource.php(666): DboSource->execute('SELECT `League`...', Array, Array)
#3 C:\wamp\www\scpracticas\lib\Cake\Model\Datasource\DboSource.php(1106): DboSource->fetchAll('SELECT `League`...', false)
#4 C:\wamp\www\scpracticas\lib\Cake\Model\Model.php(2947): DboSource->read(Object(League), Array)
#5 C:\wamp\www\scpracticas\lib\Cake\Model\Model.php(2919): Model->_readDataSource('all', Array)
#6 C:\wamp\www\scpracticas\lib\Cake\Controller\Component\PaginatorComponent.php(196): Model->find('all', Array)
#7 C:\wamp\www\scpracticas\app\Controller\LeaguesController.php(26): PaginatorComponent->paginate()
#8 [internal function]: LeaguesController->index()
#9 C:\wamp\www\scpracticas\lib\Cake\Controller\Controller.php(490): ReflectionMethod->invokeArgs(Object(LeaguesController), Array)
#10 C:\wamp\www\scpracticas\lib\Cake\Routing\Dispatcher.php(191): Controller->invokeAction(Object(CakeRequest))
#11 C:\wamp\www\scpracticas\lib\Cake\Routing\Dispatcher.php(165): Dispatcher->_invoke(Object(LeaguesController), Object(CakeRequest))
#12 C:\wamp\www\scpracticas\app\webroot\index.php(108): Dispatcher->dispatch(Object(CakeRequest), Object(CakeResponse))
#13 {main}
2014-12-17 01:49:37 Error: [PDOException] SQLSTATE[42S22]: Column not found: 1054 Unknown column 'League.game_id' in 'on clause'
Request URL: /scpracticas/leagues
Stack Trace:
#0 C:\wamp\www\scpracticas\lib\Cake\Model\Datasource\DboSource.php(458): PDOStatement->execute(Array)
#1 C:\wamp\www\scpracticas\lib\Cake\Model\Datasource\DboSource.php(424): DboSource->_execute('SELECT `League`...', Array)
#2 C:\wamp\www\scpracticas\lib\Cake\Model\Datasource\DboSource.php(666): DboSource->execute('SELECT `League`...', Array, Array)
#3 C:\wamp\www\scpracticas\lib\Cake\Model\Datasource\DboSource.php(1106): DboSource->fetchAll('SELECT `League`...', false)
#4 C:\wamp\www\scpracticas\lib\Cake\Model\Model.php(2947): DboSource->read(Object(League), Array)
#5 C:\wamp\www\scpracticas\lib\Cake\Model\Model.php(2919): Model->_readDataSource('all', Array)
#6 C:\wamp\www\scpracticas\lib\Cake\Controller\Component\PaginatorComponent.php(196): Model->find('all', Array)
#7 C:\wamp\www\scpracticas\app\Controller\LeaguesController.php(26): PaginatorComponent->paginate()
#8 [internal function]: LeaguesController->index()
#9 C:\wamp\www\scpracticas\lib\Cake\Controller\Controller.php(490): ReflectionMethod->invokeArgs(Object(LeaguesController), Array)
#10 C:\wamp\www\scpracticas\lib\Cake\Routing\Dispatcher.php(191): Controller->invokeAction(Object(CakeRequest))
#11 C:\wamp\www\scpracticas\lib\Cake\Routing\Dispatcher.php(165): Dispatcher->_invoke(Object(LeaguesController), Object(CakeRequest))
#12 C:\wamp\www\scpracticas\app\webroot\index.php(108): Dispatcher->dispatch(Object(CakeRequest), Object(CakeResponse))
#13 {main}
2014-12-17 01:49:37 Error: [PDOException] SQLSTATE[42S22]: Column not found: 1054 Unknown column 'League.game_id' in 'on clause'
Request URL: /scpracticas/leagues
Stack Trace:
#0 C:\wamp\www\scpracticas\lib\Cake\Model\Datasource\DboSource.php(458): PDOStatement->execute(Array)
#1 C:\wamp\www\scpracticas\lib\Cake\Model\Datasource\DboSource.php(424): DboSource->_execute('SELECT `League`...', Array)
#2 C:\wamp\www\scpracticas\lib\Cake\Model\Datasource\DboSource.php(666): DboSource->execute('SELECT `League`...', Array, Array)
#3 C:\wamp\www\scpracticas\lib\Cake\Model\Datasource\DboSource.php(1106): DboSource->fetchAll('SELECT `League`...', false)
#4 C:\wamp\www\scpracticas\lib\Cake\Model\Model.php(2947): DboSource->read(Object(League), Array)
#5 C:\wamp\www\scpracticas\lib\Cake\Model\Model.php(2919): Model->_readDataSource('all', Array)
#6 C:\wamp\www\scpracticas\lib\Cake\Controller\Component\PaginatorComponent.php(196): Model->find('all', Array)
#7 C:\wamp\www\scpracticas\app\Controller\LeaguesController.php(26): PaginatorComponent->paginate()
#8 [internal function]: LeaguesController->index()
#9 C:\wamp\www\scpracticas\lib\Cake\Controller\Controller.php(490): ReflectionMethod->invokeArgs(Object(LeaguesController), Array)
#10 C:\wamp\www\scpracticas\lib\Cake\Routing\Dispatcher.php(191): Controller->invokeAction(Object(CakeRequest))
#11 C:\wamp\www\scpracticas\lib\Cake\Routing\Dispatcher.php(165): Dispatcher->_invoke(Object(LeaguesController), Object(CakeRequest))
#12 C:\wamp\www\scpracticas\app\webroot\index.php(108): Dispatcher->dispatch(Object(CakeRequest), Object(CakeResponse))
#13 {main}
2014-12-17 01:49:38 Error: [PDOException] SQLSTATE[42S22]: Column not found: 1054 Unknown column 'League.game_id' in 'on clause'
Request URL: /scpracticas/leagues
Stack Trace:
#0 C:\wamp\www\scpracticas\lib\Cake\Model\Datasource\DboSource.php(458): PDOStatement->execute(Array)
#1 C:\wamp\www\scpracticas\lib\Cake\Model\Datasource\DboSource.php(424): DboSource->_execute('SELECT `League`...', Array)
#2 C:\wamp\www\scpracticas\lib\Cake\Model\Datasource\DboSource.php(666): DboSource->execute('SELECT `League`...', Array, Array)
#3 C:\wamp\www\scpracticas\lib\Cake\Model\Datasource\DboSource.php(1106): DboSource->fetchAll('SELECT `League`...', false)
#4 C:\wamp\www\scpracticas\lib\Cake\Model\Model.php(2947): DboSource->read(Object(League), Array)
#5 C:\wamp\www\scpracticas\lib\Cake\Model\Model.php(2919): Model->_readDataSource('all', Array)
#6 C:\wamp\www\scpracticas\lib\Cake\Controller\Component\PaginatorComponent.php(196): Model->find('all', Array)
#7 C:\wamp\www\scpracticas\app\Controller\LeaguesController.php(26): PaginatorComponent->paginate()
#8 [internal function]: LeaguesController->index()
#9 C:\wamp\www\scpracticas\lib\Cake\Controller\Controller.php(490): ReflectionMethod->invokeArgs(Object(LeaguesController), Array)
#10 C:\wamp\www\scpracticas\lib\Cake\Routing\Dispatcher.php(191): Controller->invokeAction(Object(CakeRequest))
#11 C:\wamp\www\scpracticas\lib\Cake\Routing\Dispatcher.php(165): Dispatcher->_invoke(Object(LeaguesController), Object(CakeRequest))
#12 C:\wamp\www\scpracticas\app\webroot\index.php(108): Dispatcher->dispatch(Object(CakeRequest), Object(CakeResponse))
#13 {main}
2014-12-17 01:54:33 Error: [PDOException] SQLSTATE[42S22]: Column not found: 1054 Unknown column 'League.game_id' in 'on clause'
Request URL: /scpracticas/leagues
Stack Trace:
#0 C:\wamp\www\scpracticas\lib\Cake\Model\Datasource\DboSource.php(458): PDOStatement->execute(Array)
#1 C:\wamp\www\scpracticas\lib\Cake\Model\Datasource\DboSource.php(424): DboSource->_execute('SELECT `League`...', Array)
#2 C:\wamp\www\scpracticas\lib\Cake\Model\Datasource\DboSource.php(666): DboSource->execute('SELECT `League`...', Array, Array)
#3 C:\wamp\www\scpracticas\lib\Cake\Model\Datasource\DboSource.php(1106): DboSource->fetchAll('SELECT `League`...', false)
#4 C:\wamp\www\scpracticas\lib\Cake\Model\Model.php(2947): DboSource->read(Object(League), Array)
#5 C:\wamp\www\scpracticas\lib\Cake\Model\Model.php(2919): Model->_readDataSource('all', Array)
#6 C:\wamp\www\scpracticas\lib\Cake\Controller\Component\PaginatorComponent.php(196): Model->find('all', Array)
#7 C:\wamp\www\scpracticas\app\Controller\LeaguesController.php(26): PaginatorComponent->paginate()
#8 [internal function]: LeaguesController->index()
#9 C:\wamp\www\scpracticas\lib\Cake\Controller\Controller.php(490): ReflectionMethod->invokeArgs(Object(LeaguesController), Array)
#10 C:\wamp\www\scpracticas\lib\Cake\Routing\Dispatcher.php(191): Controller->invokeAction(Object(CakeRequest))
#11 C:\wamp\www\scpracticas\lib\Cake\Routing\Dispatcher.php(165): Dispatcher->_invoke(Object(LeaguesController), Object(CakeRequest))
#12 C:\wamp\www\scpracticas\app\webroot\index.php(108): Dispatcher->dispatch(Object(CakeRequest), Object(CakeResponse))
#13 {main}
2014-12-17 01:54:33 Error: [PDOException] SQLSTATE[42S22]: Column not found: 1054 Unknown column 'League.game_id' in 'on clause'
Request URL: /scpracticas/leagues
Stack Trace:
#0 C:\wamp\www\scpracticas\lib\Cake\Model\Datasource\DboSource.php(458): PDOStatement->execute(Array)
#1 C:\wamp\www\scpracticas\lib\Cake\Model\Datasource\DboSource.php(424): DboSource->_execute('SELECT `League`...', Array)
#2 C:\wamp\www\scpracticas\lib\Cake\Model\Datasource\DboSource.php(666): DboSource->execute('SELECT `League`...', Array, Array)
#3 C:\wamp\www\scpracticas\lib\Cake\Model\Datasource\DboSource.php(1106): DboSource->fetchAll('SELECT `League`...', false)
#4 C:\wamp\www\scpracticas\lib\Cake\Model\Model.php(2947): DboSource->read(Object(League), Array)
#5 C:\wamp\www\scpracticas\lib\Cake\Model\Model.php(2919): Model->_readDataSource('all', Array)
#6 C:\wamp\www\scpracticas\lib\Cake\Controller\Component\PaginatorComponent.php(196): Model->find('all', Array)
#7 C:\wamp\www\scpracticas\app\Controller\LeaguesController.php(26): PaginatorComponent->paginate()
#8 [internal function]: LeaguesController->index()
#9 C:\wamp\www\scpracticas\lib\Cake\Controller\Controller.php(490): ReflectionMethod->invokeArgs(Object(LeaguesController), Array)
#10 C:\wamp\www\scpracticas\lib\Cake\Routing\Dispatcher.php(191): Controller->invokeAction(Object(CakeRequest))
#11 C:\wamp\www\scpracticas\lib\Cake\Routing\Dispatcher.php(165): Dispatcher->_invoke(Object(LeaguesController), Object(CakeRequest))
#12 C:\wamp\www\scpracticas\app\webroot\index.php(108): Dispatcher->dispatch(Object(CakeRequest), Object(CakeResponse))
#13 {main}
2014-12-17 01:54:34 Error: [PDOException] SQLSTATE[42S22]: Column not found: 1054 Unknown column 'League.game_id' in 'on clause'
Request URL: /scpracticas/leagues
Stack Trace:
#0 C:\wamp\www\scpracticas\lib\Cake\Model\Datasource\DboSource.php(458): PDOStatement->execute(Array)
#1 C:\wamp\www\scpracticas\lib\Cake\Model\Datasource\DboSource.php(424): DboSource->_execute('SELECT `League`...', Array)
#2 C:\wamp\www\scpracticas\lib\Cake\Model\Datasource\DboSource.php(666): DboSource->execute('SELECT `League`...', Array, Array)
#3 C:\wamp\www\scpracticas\lib\Cake\Model\Datasource\DboSource.php(1106): DboSource->fetchAll('SELECT `League`...', false)
#4 C:\wamp\www\scpracticas\lib\Cake\Model\Model.php(2947): DboSource->read(Object(League), Array)
#5 C:\wamp\www\scpracticas\lib\Cake\Model\Model.php(2919): Model->_readDataSource('all', Array)
#6 C:\wamp\www\scpracticas\lib\Cake\Controller\Component\PaginatorComponent.php(196): Model->find('all', Array)
#7 C:\wamp\www\scpracticas\app\Controller\LeaguesController.php(26): PaginatorComponent->paginate()
#8 [internal function]: LeaguesController->index()
#9 C:\wamp\www\scpracticas\lib\Cake\Controller\Controller.php(490): ReflectionMethod->invokeArgs(Object(LeaguesController), Array)
#10 C:\wamp\www\scpracticas\lib\Cake\Routing\Dispatcher.php(191): Controller->invokeAction(Object(CakeRequest))
#11 C:\wamp\www\scpracticas\lib\Cake\Routing\Dispatcher.php(165): Dispatcher->_invoke(Object(LeaguesController), Object(CakeRequest))
#12 C:\wamp\www\scpracticas\app\webroot\index.php(108): Dispatcher->dispatch(Object(CakeRequest), Object(CakeResponse))
#13 {main}
2014-12-17 01:54:35 Error: [PDOException] SQLSTATE[42S22]: Column not found: 1054 Unknown column 'League.game_id' in 'on clause'
Request URL: /scpracticas/leagues
Stack Trace:
#0 C:\wamp\www\scpracticas\lib\Cake\Model\Datasource\DboSource.php(458): PDOStatement->execute(Array)
#1 C:\wamp\www\scpracticas\lib\Cake\Model\Datasource\DboSource.php(424): DboSource->_execute('SELECT `League`...', Array)
#2 C:\wamp\www\scpracticas\lib\Cake\Model\Datasource\DboSource.php(666): DboSource->execute('SELECT `League`...', Array, Array)
#3 C:\wamp\www\scpracticas\lib\Cake\Model\Datasource\DboSource.php(1106): DboSource->fetchAll('SELECT `League`...', false)
#4 C:\wamp\www\scpracticas\lib\Cake\Model\Model.php(2947): DboSource->read(Object(League), Array)
#5 C:\wamp\www\scpracticas\lib\Cake\Model\Model.php(2919): Model->_readDataSource('all', Array)
#6 C:\wamp\www\scpracticas\lib\Cake\Controller\Component\PaginatorComponent.php(196): Model->find('all', Array)
#7 C:\wamp\www\scpracticas\app\Controller\LeaguesController.php(26): PaginatorComponent->paginate()
#8 [internal function]: LeaguesController->index()
#9 C:\wamp\www\scpracticas\lib\Cake\Controller\Controller.php(490): ReflectionMethod->invokeArgs(Object(LeaguesController), Array)
#10 C:\wamp\www\scpracticas\lib\Cake\Routing\Dispatcher.php(191): Controller->invokeAction(Object(CakeRequest))
#11 C:\wamp\www\scpracticas\lib\Cake\Routing\Dispatcher.php(165): Dispatcher->_invoke(Object(LeaguesController), Object(CakeRequest))
#12 C:\wamp\www\scpracticas\app\webroot\index.php(108): Dispatcher->dispatch(Object(CakeRequest), Object(CakeResponse))
#13 {main}
2014-12-17 01:54:35 Error: [PDOException] SQLSTATE[42S22]: Column not found: 1054 Unknown column 'League.game_id' in 'on clause'
Request URL: /scpracticas/leagues
Stack Trace:
#0 C:\wamp\www\scpracticas\lib\Cake\Model\Datasource\DboSource.php(458): PDOStatement->execute(Array)
#1 C:\wamp\www\scpracticas\lib\Cake\Model\Datasource\DboSource.php(424): DboSource->_execute('SELECT `League`...', Array)
#2 C:\wamp\www\scpracticas\lib\Cake\Model\Datasource\DboSource.php(666): DboSource->execute('SELECT `League`...', Array, Array)
#3 C:\wamp\www\scpracticas\lib\Cake\Model\Datasource\DboSource.php(1106): DboSource->fetchAll('SELECT `League`...', false)
#4 C:\wamp\www\scpracticas\lib\Cake\Model\Model.php(2947): DboSource->read(Object(League), Array)
#5 C:\wamp\www\scpracticas\lib\Cake\Model\Model.php(2919): Model->_readDataSource('all', Array)
#6 C:\wamp\www\scpracticas\lib\Cake\Controller\Component\PaginatorComponent.php(196): Model->find('all', Array)
#7 C:\wamp\www\scpracticas\app\Controller\LeaguesController.php(26): PaginatorComponent->paginate()
#8 [internal function]: LeaguesController->index()
#9 C:\wamp\www\scpracticas\lib\Cake\Controller\Controller.php(490): ReflectionMethod->invokeArgs(Object(LeaguesController), Array)
#10 C:\wamp\www\scpracticas\lib\Cake\Routing\Dispatcher.php(191): Controller->invokeAction(Object(CakeRequest))
#11 C:\wamp\www\scpracticas\lib\Cake\Routing\Dispatcher.php(165): Dispatcher->_invoke(Object(LeaguesController), Object(CakeRequest))
#12 C:\wamp\www\scpracticas\app\webroot\index.php(108): Dispatcher->dispatch(Object(CakeRequest), Object(CakeResponse))
#13 {main}
2014-12-17 01:54:35 Error: [PDOException] SQLSTATE[42S22]: Column not found: 1054 Unknown column 'League.game_id' in 'on clause'
Request URL: /scpracticas/leagues
Stack Trace:
#0 C:\wamp\www\scpracticas\lib\Cake\Model\Datasource\DboSource.php(458): PDOStatement->execute(Array)
#1 C:\wamp\www\scpracticas\lib\Cake\Model\Datasource\DboSource.php(424): DboSource->_execute('SELECT `League`...', Array)
#2 C:\wamp\www\scpracticas\lib\Cake\Model\Datasource\DboSource.php(666): DboSource->execute('SELECT `League`...', Array, Array)
#3 C:\wamp\www\scpracticas\lib\Cake\Model\Datasource\DboSource.php(1106): DboSource->fetchAll('SELECT `League`...', false)
#4 C:\wamp\www\scpracticas\lib\Cake\Model\Model.php(2947): DboSource->read(Object(League), Array)
#5 C:\wamp\www\scpracticas\lib\Cake\Model\Model.php(2919): Model->_readDataSource('all', Array)
#6 C:\wamp\www\scpracticas\lib\Cake\Controller\Component\PaginatorComponent.php(196): Model->find('all', Array)
#7 C:\wamp\www\scpracticas\app\Controller\LeaguesController.php(26): PaginatorComponent->paginate()
#8 [internal function]: LeaguesController->index()
#9 C:\wamp\www\scpracticas\lib\Cake\Controller\Controller.php(490): ReflectionMethod->invokeArgs(Object(LeaguesController), Array)
#10 C:\wamp\www\scpracticas\lib\Cake\Routing\Dispatcher.php(191): Controller->invokeAction(Object(CakeRequest))
#11 C:\wamp\www\scpracticas\lib\Cake\Routing\Dispatcher.php(165): Dispatcher->_invoke(Object(LeaguesController), Object(CakeRequest))
#12 C:\wamp\www\scpracticas\app\webroot\index.php(108): Dispatcher->dispatch(Object(CakeRequest), Object(CakeResponse))
#13 {main}
2014-12-17 02:09:25 Error: Fatal Error (1): Call to a member function input() on a non-object in [C:\wamp\www\scpracticas\app\View\Profiles\add.ctp, line 6]
2014-12-17 02:09:25 Error: [FatalErrorException] Call to a member function input() on a non-object
Request URL: /scpracticas/profiles/add
Stack Trace:
#0 C:\wamp\www\scpracticas\lib\Cake\Error\ErrorHandler.php(203): ErrorHandler::handleFatalError(1, 'Call to a membe...', 'C:\\wamp\\www\\scp...', 6)
#1 [internal function]: ErrorHandler::handleError(1, 'Call to a membe...', 'C:\\wamp\\www\\scp...', 6, Array)
#2 C:\wamp\www\scpracticas\lib\Cake\Core\App.php(931): call_user_func('ErrorHandler::h...', 1, 'Call to a membe...', 'C:\\wamp\\www\\scp...', 6, Array)
#3 C:\wamp\www\scpracticas\lib\Cake\Core\App.php(904): App::_checkFatalError()
#4 [internal function]: App::shutdown()
#5 {main}
2014-12-17 02:23:58 Error: Fatal Error (1): Call to a member function obervefield() on a non-object in [C:\wamp\www\scpracticas\app\View\Profiles\add.ctp, line 20]
2014-12-17 02:23:58 Error: [FatalErrorException] Call to a member function obervefield() on a non-object
Request URL: /scpracticas/profiles/add
Stack Trace:
#0 C:\wamp\www\scpracticas\lib\Cake\Error\ErrorHandler.php(203): ErrorHandler::handleFatalError(1, 'Call to a membe...', 'C:\\wamp\\www\\scp...', 20)
#1 [internal function]: ErrorHandler::handleError(1, 'Call to a membe...', 'C:\\wamp\\www\\scp...', 20, Array)
#2 C:\wamp\www\scpracticas\lib\Cake\Core\App.php(931): call_user_func('ErrorHandler::h...', 1, 'Call to a membe...', 'C:\\wamp\\www\\scp...', 20, Array)
#3 C:\wamp\www\scpracticas\lib\Cake\Core\App.php(904): App::_checkFatalError()
#4 [internal function]: App::shutdown()
#5 {main}
2014-12-17 02:25:48 Error: Fatal Error (1): Call to a member function obervefield() on a non-object in [C:\wamp\www\scpracticas\app\View\Profiles\add.ctp, line 22]
2014-12-17 02:25:48 Error: [FatalErrorException] Call to a member function obervefield() on a non-object
Request URL: /scpracticas/profiles/add
Stack Trace:
#0 C:\wamp\www\scpracticas\lib\Cake\Error\ErrorHandler.php(203): ErrorHandler::handleFatalError(1, 'Call to a membe...', 'C:\\wamp\\www\\scp...', 22)
#1 [internal function]: ErrorHandler::handleError(1, 'Call to a membe...', 'C:\\wamp\\www\\scp...', 22, Array)
#2 C:\wamp\www\scpracticas\lib\Cake\Core\App.php(931): call_user_func('ErrorHandler::h...', 1, 'Call to a membe...', 'C:\\wamp\\www\\scp...', 22, Array)
#3 C:\wamp\www\scpracticas\lib\Cake\Core\App.php(904): App::_checkFatalError()
#4 [internal function]: App::shutdown()
#5 {main}
2014-12-17 02:25:49 Error: Fatal Error (1): Call to a member function obervefield() on a non-object in [C:\wamp\www\scpracticas\app\View\Profiles\add.ctp, line 22]
2014-12-17 02:25:49 Error: [FatalErrorException] Call to a member function obervefield() on a non-object
Request URL: /scpracticas/profiles/add
Stack Trace:
#0 C:\wamp\www\scpracticas\lib\Cake\Error\ErrorHandler.php(203): ErrorHandler::handleFatalError(1, 'Call to a membe...', 'C:\\wamp\\www\\scp...', 22)
#1 [internal function]: ErrorHandler::handleError(1, 'Call to a membe...', 'C:\\wamp\\www\\scp...', 22, Array)
#2 C:\wamp\www\scpracticas\lib\Cake\Core\App.php(931): call_user_func('ErrorHandler::h...', 1, 'Call to a membe...', 'C:\\wamp\\www\\scp...', 22, Array)
#3 C:\wamp\www\scpracticas\lib\Cake\Core\App.php(904): App::_checkFatalError()
#4 [internal function]: App::shutdown()
#5 {main}
2014-12-17 02:36:51 Error: Fatal Error (1): Call to a member function obervefield() on a non-object in [C:\wamp\www\scpracticas\app\View\Profiles\add.ctp, line 22]
2014-12-17 02:36:51 Error: [FatalErrorException] Call to a member function obervefield() on a non-object
Request URL: /scpracticas/profiles/add
Stack Trace:
#0 C:\wamp\www\scpracticas\lib\Cake\Error\ErrorHandler.php(203): ErrorHandler::handleFatalError(1, 'Call to a membe...', 'C:\\wamp\\www\\scp...', 22)
#1 [internal function]: ErrorHandler::handleError(1, 'Call to a membe...', 'C:\\wamp\\www\\scp...', 22, Array)
#2 C:\wamp\www\scpracticas\lib\Cake\Core\App.php(931): call_user_func('ErrorHandler::h...', 1, 'Call to a membe...', 'C:\\wamp\\www\\scp...', 22, Array)
#3 C:\wamp\www\scpracticas\lib\Cake\Core\App.php(904): App::_checkFatalError()
#4 [internal function]: App::shutdown()
#5 {main}
2014-12-17 02:36:53 Error: Fatal Error (1): Call to a member function obervefield() on a non-object in [C:\wamp\www\scpracticas\app\View\Profiles\add.ctp, line 22]
2014-12-17 02:36:53 Error: [FatalErrorException] Call to a member function obervefield() on a non-object
Request URL: /scpracticas/profiles/add
Stack Trace:
#0 C:\wamp\www\scpracticas\lib\Cake\Error\ErrorHandler.php(203): ErrorHandler::handleFatalError(1, 'Call to a membe...', 'C:\\wamp\\www\\scp...', 22)
#1 [internal function]: ErrorHandler::handleError(1, 'Call to a membe...', 'C:\\wamp\\www\\scp...', 22, Array)
#2 C:\wamp\www\scpracticas\lib\Cake\Core\App.php(931): call_user_func('ErrorHandler::h...', 1, 'Call to a membe...', 'C:\\wamp\\www\\scp...', 22, Array)
#3 C:\wamp\www\scpracticas\lib\Cake\Core\App.php(904): App::_checkFatalError()
#4 [internal function]: App::shutdown()
#5 {main}
2014-12-17 02:37:36 Error: Fatal Error (1): Call to a member function obervefield() on a non-object in [C:\wamp\www\scpracticas\app\View\Profiles\add.ctp, line 22]
2014-12-17 02:37:36 Error: [FatalErrorException] Call to a member function obervefield() on a non-object
Request URL: /scpracticas/profiles/add
Stack Trace:
#0 C:\wamp\www\scpracticas\lib\Cake\Error\ErrorHandler.php(203): ErrorHandler::handleFatalError(1, 'Call to a membe...', 'C:\\wamp\\www\\scp...', 22)
#1 [internal function]: ErrorHandler::handleError(1, 'Call to a membe...', 'C:\\wamp\\www\\scp...', 22, Array)
#2 C:\wamp\www\scpracticas\lib\Cake\Core\App.php(931): call_user_func('ErrorHandler::h...', 1, 'Call to a membe...', 'C:\\wamp\\www\\scp...', 22, Array)
#3 C:\wamp\www\scpracticas\lib\Cake\Core\App.php(904): App::_checkFatalError()
#4 [internal function]: App::shutdown()
#5 {main}
2014-12-17 02:37:46 Error: Fatal Error (1): Call to a member function obervefield() on a non-object in [C:\wamp\www\scpracticas\app\View\Profiles\add.ctp, line 22]
2014-12-17 02:37:46 Error: [FatalErrorException] Call to a member function obervefield() on a non-object
Request URL: /scpracticas/profiles/add
Stack Trace:
#0 C:\wamp\www\scpracticas\lib\Cake\Error\ErrorHandler.php(203): ErrorHandler::handleFatalError(1, 'Call to a membe...', 'C:\\wamp\\www\\scp...', 22)
#1 [internal function]: ErrorHandler::handleError(1, 'Call to a membe...', 'C:\\wamp\\www\\scp...', 22, Array)
#2 C:\wamp\www\scpracticas\lib\Cake\Core\App.php(931): call_user_func('ErrorHandler::h...', 1, 'Call to a membe...', 'C:\\wamp\\www\\scp...', 22, Array)
#3 C:\wamp\www\scpracticas\lib\Cake\Core\App.php(904): App::_checkFatalError()
#4 [internal function]: App::shutdown()
#5 {main}
2014-12-17 02:37:47 Error: Fatal Error (1): Call to a member function obervefield() on a non-object in [C:\wamp\www\scpracticas\app\View\Profiles\add.ctp, line 22]
2014-12-17 02:37:47 Error: [FatalErrorException] Call to a member function obervefield() on a non-object
Request URL: /scpracticas/profiles/add
Stack Trace:
#0 C:\wamp\www\scpracticas\lib\Cake\Error\ErrorHandler.php(203): ErrorHandler::handleFatalError(1, 'Call to a membe...', 'C:\\wamp\\www\\scp...', 22)
#1 [internal function]: ErrorHandler::handleError(1, 'Call to a membe...', 'C:\\wamp\\www\\scp...', 22, Array)
#2 C:\wamp\www\scpracticas\lib\Cake\Core\App.php(931): call_user_func('ErrorHandler::h...', 1, 'Call to a membe...', 'C:\\wamp\\www\\scp...', 22, Array)
#3 C:\wamp\www\scpracticas\lib\Cake\Core\App.php(904): App::_checkFatalError()
#4 [internal function]: App::shutdown()
#5 {main}
2014-12-17 02:37:47 Error: Fatal Error (1): Call to a member function obervefield() on a non-object in [C:\wamp\www\scpracticas\app\View\Profiles\add.ctp, line 22]
2014-12-17 02:37:47 Error: [FatalErrorException] Call to a member function obervefield() on a non-object
Request URL: /scpracticas/profiles/add
Stack Trace:
#0 C:\wamp\www\scpracticas\lib\Cake\Error\ErrorHandler.php(203): ErrorHandler::handleFatalError(1, 'Call to a membe...', 'C:\\wamp\\www\\scp...', 22)
#1 [internal function]: ErrorHandler::handleError(1, 'Call to a membe...', 'C:\\wamp\\www\\scp...', 22, Array)
#2 C:\wamp\www\scpracticas\lib\Cake\Core\App.php(931): call_user_func('ErrorHandler::h...', 1, 'Call to a membe...', 'C:\\wamp\\www\\scp...', 22, Array)
#3 C:\wamp\www\scpracticas\lib\Cake\Core\App.php(904): App::_checkFatalError()
#4 [internal function]: App::shutdown()
#5 {main}
2014-12-17 02:37:48 Error: Fatal Error (1): Call to a member function obervefield() on a non-object in [C:\wamp\www\scpracticas\app\View\Profiles\add.ctp, line 22]
2014-12-17 02:37:48 Error: [FatalErrorException] Call to a member function obervefield() on a non-object
Request URL: /scpracticas/profiles/add
Stack Trace:
#0 C:\wamp\www\scpracticas\lib\Cake\Error\ErrorHandler.php(203): ErrorHandler::handleFatalError(1, 'Call to a membe...', 'C:\\wamp\\www\\scp...', 22)
#1 [internal function]: ErrorHandler::handleError(1, 'Call to a membe...', 'C:\\wamp\\www\\scp...', 22, Array)
#2 C:\wamp\www\scpracticas\lib\Cake\Core\App.php(931): call_user_func('ErrorHandler::h...', 1, 'Call to a membe...', 'C:\\wamp\\www\\scp...', 22, Array)
#3 C:\wamp\www\scpracticas\lib\Cake\Core\App.php(904): App::_checkFatalError()
#4 [internal function]: App::shutdown()
#5 {main}
2014-12-17 02:37:48 Error: Fatal Error (1): Call to a member function obervefield() on a non-object in [C:\wamp\www\scpracticas\app\View\Profiles\add.ctp, line 22]
2014-12-17 02:37:48 Error: [FatalErrorException] Call to a member function obervefield() on a non-object
Request URL: /scpracticas/profiles/add
Stack Trace:
#0 C:\wamp\www\scpracticas\lib\Cake\Error\ErrorHandler.php(203): ErrorHandler::handleFatalError(1, 'Call to a membe...', 'C:\\wamp\\www\\scp...', 22)
#1 [internal function]: ErrorHandler::handleError(1, 'Call to a membe...', 'C:\\wamp\\www\\scp...', 22, Array)
#2 C:\wamp\www\scpracticas\lib\Cake\Core\App.php(931): call_user_func('ErrorHandler::h...', 1, 'Call to a membe...', 'C:\\wamp\\www\\scp...', 22, Array)
#3 C:\wamp\www\scpracticas\lib\Cake\Core\App.php(904): App::_checkFatalError()
#4 [internal function]: App::shutdown()
#5 {main}
2014-12-17 02:40:54 Error: Fatal Error (1): Call to a member function oberveField() on a non-object in [C:\wamp\www\scpracticas\app\View\Profiles\add.ctp, line 22]
2014-12-17 02:40:54 Error: [FatalErrorException] Call to a member function oberveField() on a non-object
Request URL: /scpracticas/profiles/add
Stack Trace:
#0 C:\wamp\www\scpracticas\lib\Cake\Error\ErrorHandler.php(203): ErrorHandler::handleFatalError(1, 'Call to a membe...', 'C:\\wamp\\www\\scp...', 22)
#1 [internal function]: ErrorHandler::handleError(1, 'Call to a membe...', 'C:\\wamp\\www\\scp...', 22, Array)
#2 C:\wamp\www\scpracticas\lib\Cake\Core\App.php(931): call_user_func('ErrorHandler::h...', 1, 'Call to a membe...', 'C:\\wamp\\www\\scp...', 22, Array)
#3 C:\wamp\www\scpracticas\lib\Cake\Core\App.php(904): App::_checkFatalError()
#4 [internal function]: App::shutdown()
#5 {main}
2014-12-17 02:40:56 Error: Fatal Error (1): Call to a member function oberveField() on a non-object in [C:\wamp\www\scpracticas\app\View\Profiles\add.ctp, line 22]
2014-12-17 02:40:56 Error: [FatalErrorException] Call to a member function oberveField() on a non-object
Request URL: /scpracticas/profiles/add
Stack Trace:
#0 C:\wamp\www\scpracticas\lib\Cake\Error\ErrorHandler.php(203): ErrorHandler::handleFatalError(1, 'Call to a membe...', 'C:\\wamp\\www\\scp...', 22)
#1 [internal function]: ErrorHandler::handleError(1, 'Call to a membe...', 'C:\\wamp\\www\\scp...', 22, Array)
#2 C:\wamp\www\scpracticas\lib\Cake\Core\App.php(931): call_user_func('ErrorHandler::h...', 1, 'Call to a membe...', 'C:\\wamp\\www\\scp...', 22, Array)
#3 C:\wamp\www\scpracticas\lib\Cake\Core\App.php(904): App::_checkFatalError()
#4 [internal function]: App::shutdown()
#5 {main}
2014-12-17 02:40:56 Error: Fatal Error (1): Call to a member function oberveField() on a non-object in [C:\wamp\www\scpracticas\app\View\Profiles\add.ctp, line 22]
2014-12-17 02:40:56 Error: [FatalErrorException] Call to a member function oberveField() on a non-object
Request URL: /scpracticas/profiles/add
Stack Trace:
#0 C:\wamp\www\scpracticas\lib\Cake\Error\ErrorHandler.php(203): ErrorHandler::handleFatalError(1, 'Call to a membe...', 'C:\\wamp\\www\\scp...', 22)
#1 [internal function]: ErrorHandler::handleError(1, 'Call to a membe...', 'C:\\wamp\\www\\scp...', 22, Array)
#2 C:\wamp\www\scpracticas\lib\Cake\Core\App.php(931): call_user_func('ErrorHandler::h...', 1, 'Call to a membe...', 'C:\\wamp\\www\\scp...', 22, Array)
#3 C:\wamp\www\scpracticas\lib\Cake\Core\App.php(904): App::_checkFatalError()
#4 [internal function]: App::shutdown()
#5 {main}
2014-12-17 02:40:56 Error: Fatal Error (1): Call to a member function oberveField() on a non-object in [C:\wamp\www\scpracticas\app\View\Profiles\add.ctp, line 22]
2014-12-17 02:40:56 Error: [FatalErrorException] Call to a member function oberveField() on a non-object
Request URL: /scpracticas/profiles/add
Stack Trace:
#0 C:\wamp\www\scpracticas\lib\Cake\Error\ErrorHandler.php(203): ErrorHandler::handleFatalError(1, 'Call to a membe...', 'C:\\wamp\\www\\scp...', 22)
#1 [internal function]: ErrorHandler::handleError(1, 'Call to a membe...', 'C:\\wamp\\www\\scp...', 22, Array)
#2 C:\wamp\www\scpracticas\lib\Cake\Core\App.php(931): call_user_func('ErrorHandler::h...', 1, 'Call to a membe...', 'C:\\wamp\\www\\scp...', 22, Array)
#3 C:\wamp\www\scpracticas\lib\Cake\Core\App.php(904): App::_checkFatalError()
#4 [internal function]: App::shutdown()
#5 {main}
